2023-12-23 14:25:46,545 - INFO - Inserted Manga_link: https://kunmanga.com/manga/invincible-at-the-start/
2023-12-23 14:25:46,564 - INFO - Inserted Manga_link: https://kunmanga.com/manga/reaper-of-the-drifting-moon/
2023-12-23 14:25:46,582 - INFO - Inserted Manga_link: https://kunmanga.com/manga/weapon-maker/
2023-12-23 14:25:46,600 - INFO - Inserted Manga_link: https://kunmanga.com/manga/nano-machine/
2023-12-23 14:25:46,618 - INFO - Inserted Manga_link: https://kunmanga.com/manga/keep-a-low-profile-sect-leader/
2023-12-23 14:25:46,637 - INFO - Inserted Manga_link: https://kunmanga.com/manga/return-of-the-flowery-mountain-sect/
2023-12-23 14:25:46,655 - INFO - Inserted Manga_link: https://kunmanga.com/manga/omniscient-reader-s-viewpoint/
2023-12-23 14:25:46,673 - INFO - Inserted Manga_link: https://kunmanga.com/manga/foreigner-on-the-periphery-remake/
2023-12-23 14:25:46,691 - INFO - Inserted Manga_link: https://kunmanga.com/manga/the-max-level-hero-has-returned/
2023-12-23 14:25:46,709 - INFO - Inserted Manga_link: https://kunmanga.com/manga/to-hell-with-being-a-saint-im-a-doctor/
2023-12-23 14:25:46,727 - INFO - Inserted Manga_link: https://kunmanga.com/manga/leveling-with-the-gods/
2023-12-23 14:25:46,744 - INFO - Inserted Manga_link: https://kunmanga.com/manga/the-s-classes-that-i-raised/
2023-12-23 14:25:46,762 - INFO - Inserted Manga_link: https://kunmanga.com/manga/silver-demon-king/
2023-12-23 14:25:46,779 - INFO - Inserted Manga_link: https://kunmanga.com/manga/i-became-a-part-time-employee-for-gods/
2023-12-23 14:25:46,796 - INFO - Inserted Manga_link: https://kunmanga.com/manga/the-counts-youngest-son-is-a-player/
2023-12-23 14:25:46,814 - INFO - Inserted Manga_link: https://kunmanga.com/manga/the-novels-extra-remake/
2023-12-23 14:25:46,831 - INFO - Inserted Manga_link: https://kunmanga.com/manga/martial-god-regressed-to-level-2/
2023-12-23 14:25:46,849 - INFO - Inserted Manga_link: https://kunmanga.com/manga/astral-pet-store/
2023-12-23 14:25:46,867 - INFO - Inserted Manga_link: https://manhuafast.com/manga/disastrous-necromancer/
2023-12-23 14:25:46,885 - INFO - Inserted Manga_link: https://manhuafast.com/manga/gods-gambit/
2023-12-23 14:25:46,903 - INFO - Inserted Manga_link: https://manhuafast.com/manga/i-became-a-renowned-family-s-sword-prodigy-all-chapters/
2023-12-23 14:25:46,920 - INFO - Inserted Manga_link: https://manhuafast.com/manga/i-obtained-a-mythic-item-all-chapters/
2023-12-23 14:25:46,938 - INFO - Inserted Manga_link: https://topmanhua.com/manhua/kill-the-hero/
2023-12-23 14:25:46,956 - INFO - Inserted Manga_link: https://topmanhua.com/manhua/overgeared/
2023-12-23 14:25:46,974 - INFO - Inserted Manga_link: https://kunmanga.com/manga/reincarnation-of-the-suicidal-battle-god/
2023-12-23 14:25:46,991 - INFO - Inserted Manga_link: https://kunmanga.com/manga/return-of-the-legendary-spear-knight/
2023-12-23 14:25:47,008 - INFO - Inserted Manga_link: https://topmanhua.com/manhua/return-to-player/
2023-12-23 14:25:47,027 - INFO - Inserted Manga_link: https://kunmanga.com/manga/seoul-station-druid/
2023-12-23 14:25:47,049 - INFO - Inserted Manga_link: https://kunmanga.com/manga/seoul-stations-necromancer/
2023-12-23 14:25:47,067 - INFO - Inserted Manga_link: https://manhuafast.com/manga/sleeping-ranker-all-chapters/
2023-12-23 14:25:47,085 - INFO - Inserted Manga_link: https://kunmanga.com/manga/solo-max-level-newbie/
2023-12-23 14:25:47,103 - INFO - Inserted Manga_link: https://kunmanga.com/manga/spirit-farmer/
2023-12-23 14:25:47,121 - INFO - Inserted Manga_link: https://kunmanga.com/manga/swordmasters-youngest-son/
2023-12-23 14:25:47,139 - INFO - Inserted Manga_link: https://manhuafast.com/manga/the-game-that-i-came-from/
2023-12-23 14:25:47,157 - INFO - Inserted Manga_link: https://kunmanga.com/manga/necromancer-survival/
2023-12-23 14:25:47,175 - INFO - Inserted Manga_link: https://kunmanga.com/manga/the-heavenly-demon-cant-live-a-normal-life/
2023-12-23 14:25:47,192 - INFO - Inserted Manga_link: https://kunmanga.com/manga/the-player-hides-his-past/
2023-12-23 14:25:47,210 - INFO - Inserted Manga_link: https://kunmanga.com/manga/the-reincarnated-assassin-is-a-genius-swordsman/
2023-12-23 14:25:47,228 - INFO - Inserted Manga_link: https://kunmanga.com/manga/the-world-after-the-fall/
2023-12-23 14:25:47,245 - INFO - Inserted Manga_link: https://topmanhua.com/manhua/villain-to-kill/
2023-12-23 14:25:47,263 - INFO - Inserted Manga_link: https://kunmanga.com/manga/academy-s-genius-swordmaster/
2023-12-23 14:25:47,280 - INFO - Inserted Manga_link: https://manhuafast.net/manga/chronicles-of-the-demon-faction/
2023-12-23 14:25:47,298 - INFO - Inserted Manga_link: https://manhuafast.net/manga/cultivating-the-supreme-dantian/
2023-12-23 14:25:47,315 - INFO - Inserted Manga_link: https://manhuafast.net/manga/evolution-from-a-tree/
2023-12-23 14:25:47,333 - INFO - Inserted Manga_link: https://manhuafast.net/manga/f-class-destiny-hunter/
2023-12-23 14:25:47,351 - INFO - Inserted Manga_link: https://manhuafast.net/manga/global-mayhem-awakening-sss-class-talent-at-the-start-all-chapters/
2023-12-23 14:25:47,369 - INFO - Inserted Manga_link: https://manhuafast.net/manga/golden-mage/
2023-12-23 14:25:47,386 - INFO - Inserted Manga_link: https://manhuafast.net/manga/grandson-of-the-holy-emperor-is-a-necromancer/
2023-12-23 14:25:47,404 - INFO - Inserted Manga_link: https://manhuafast.net/manga/i-level-up-by-absorbing-everything/
2023-12-23 14:25:47,422 - INFO - Inserted Manga_link: https://manhuafast.net/manga/i-picked-a-hammer-to-save-the-world/
2023-12-23 14:25:47,439 - INFO - Inserted Manga_link: https://manhuafast.net/manga/im-really-scared/
2023-12-23 14:25:47,457 - INFO - Inserted Manga_link: https://manhuafast.net/manga/insanely-talented-player/
2023-12-23 14:25:47,476 - INFO - Inserted Manga_link: https://manhuafast.net/manga/legendary-blacksmiths-vengeance/
2023-12-23 14:25:47,494 - INFO - Inserted Manga_link: https://manhuafast.net/manga/logging-10000-years-into-the-future/
2023-12-23 14:25:47,511 - INFO - Inserted Manga_link: https://manhuafast.net/manga/my-dragon-system/
2023-12-23 14:25:47,529 - INFO - Inserted Manga_link: https://manhuafast.net/manga/my-lucky-encounter-from-the-game-turned-into-reality/
2023-12-23 14:25:47,547 - INFO - Inserted Manga_link: https://manhuafast.net/manga/reborn-ranker-gravity-user-manga-all-chapters/
2023-12-23 14:25:47,564 - INFO - Inserted Manga_link: https://manhuafast.net/manga/records-of-the-demonic-paths-return/
2023-12-23 14:25:47,582 - INFO - Inserted Manga_link: https://manhuafast.net/manga/returned-as-a-martial-genius/
2023-12-23 14:25:47,600 - INFO - Inserted Manga_link: https://manhuafast.net/manga/steel-eating-player/
2023-12-23 14:25:47,618 - INFO - Inserted Manga_link: https://manhuafast.net/manga/sword-demon-island/
2023-12-23 14:25:47,635 - INFO - Inserted Manga_link: https://manhuafast.net/manga/tempest-tyrant/
2023-12-23 14:25:47,653 - INFO - Inserted Manga_link: https://manhuafast.net/manga/the-constellations-are-my-disciples/
2023-12-23 14:25:47,671 - INFO - Inserted Manga_link: https://manhuafast.net/manga/the-return-of-apocalypses-tyrant/
2023-12-23 14:25:47,688 - INFO - Inserted Manga_link: https://manhuafast.net/manga/the-son-of-the-first-emperor-kills-enemies-and-becomes-a-god/
2023-12-23 14:25:47,706 - INFO - Inserted Manga_link: https://manhuaplus.com/manga/apotheosis/
2023-12-23 14:25:47,723 - INFO - Inserted Manga_link: https://manhuaplus.com/manga/demon-magic-emperor01/
2023-12-23 14:25:47,741 - INFO - Inserted Manga_link: https://manhuaplus.com/manga/martial-peak/
2023-12-23 14:25:47,759 - INFO - Inserted Manga_link: https://manhuaplus.com/manga/tales-of-demons-and-gods01/
2023-12-23 14:25:47,776 - INFO - Inserted Manga_link: https://manhuaplus.com/manga/yuan-zun01/
2023-12-23 14:25:47,794 - INFO - Inserted Manga_link: https://kunmanga.com/manga/the-player-that-can-t-level-up/
2023-12-23 14:25:47,812 - INFO - Inserted Manga_link: https://kunmanga.com/manga/the-max-level-player-s-100th-regression/
2023-12-23 14:25:47,830 - INFO - Inserted Manga_link: https://kunmanga.com/manga/the-dark-mage-s-return-to-enlistment/
2023-12-23 14:25:47,848 - INFO - Inserted Manga_link: https://kunmanga.com/manga/the-iron-blooded-necromancer-has-returned/
2023-12-23 14:25:47,866 - INFO - Inserted Manga_link: https://kunmanga.com/manga/i-became-the-youngest-prince-in-the-novel/
2023-12-23 14:25:47,884 - INFO - Inserted Manga_link: https://kunmanga.com/manga/dawn-of-the-predecessor/
