2023-12-12 00:27:37,025 - INFO - No matching document found in MongoDB for 'Invincible at the Start'
2023-12-12 00:27:37,025 - INFO - New document inserted for 'Invincible at the Start'
2023-12-12 00:27:38,585 - INFO - No matching document found in MongoDB for 'Reaper of the Drifting Moon'
2023-12-12 00:27:38,585 - INFO - New document inserted for 'Reaper of the Drifting Moon'
2023-12-12 00:27:38,586 - INFO - No matching document found in MongoDB for 'Weapon Maker'
2023-12-12 00:27:38,586 - INFO - New document inserted for 'Weapon Maker'
2023-12-12 00:27:38,586 - INFO - No matching document found in MongoDB for 'Nano Machine'
2023-12-12 00:27:38,586 - INFO - New document inserted for 'Nano Machine'
2023-12-12 00:27:38,586 - INFO - No matching document found in MongoDB for 'Keep A Low Profile, Sect Leader'
2023-12-12 00:27:38,587 - INFO - New document inserted for 'Keep A Low Profile, Sect Leader'
2023-12-12 00:27:38,587 - INFO - No matching document found in MongoDB for 'Return of the Flowery Mountain Sect'
2023-12-12 00:27:38,587 - INFO - New document inserted for 'Return of the Flowery Mountain Sect'
2023-12-12 00:27:38,587 - INFO - No matching document found in MongoDB for 'Omniscient Reader’s Viewpoint'
2023-12-12 00:27:38,587 - INFO - New document inserted for 'Omniscient Reader’s Viewpoint'
2023-12-12 00:27:38,587 - INFO - No matching document found in MongoDB for 'Foreigner on the Periphery (Remake)'
2023-12-12 00:27:38,587 - INFO - New document inserted for 'Foreigner on the Periphery (Remake)'
2023-12-12 00:27:38,587 - INFO - No matching document found in MongoDB for 'The Max Level Hero has Returned!'
2023-12-12 00:27:38,588 - INFO - New document inserted for 'The Max Level Hero has Returned!'
2023-12-12 00:27:38,588 - INFO - No matching document found in MongoDB for 'To Hell With Being A Saint I’m A Doctor'
2023-12-12 00:27:38,588 - INFO - New document inserted for 'To Hell With Being A Saint I’m A Doctor'
2023-12-12 00:27:38,588 - INFO - No matching document found in MongoDB for 'Leveling With The Gods'
2023-12-12 00:27:38,588 - INFO - New document inserted for 'Leveling With The Gods'
2023-12-12 00:27:38,588 - INFO - No matching document found in MongoDB for 'The Dark Mage’s Return to Enlistment'
2023-12-12 00:27:38,588 - INFO - New document inserted for 'The Dark Mage’s Return to Enlistment'
2023-12-12 00:27:38,588 - INFO - No matching document found in MongoDB for 'The S-Classes That I Raised'
2023-12-12 00:27:38,588 - INFO - New document inserted for 'The S-Classes That I Raised'
2023-12-12 00:27:38,588 - INFO - No matching document found in MongoDB for 'Silver Demon King'
2023-12-12 00:27:38,589 - INFO - New document inserted for 'Silver Demon King'
2023-12-12 00:27:38,589 - INFO - No matching document found in MongoDB for 'I Became A Part Time Employee For Gods'
2023-12-12 00:27:38,589 - INFO - New document inserted for 'I Became A Part Time Employee For Gods'
2023-12-12 00:27:38,589 - INFO - No matching document found in MongoDB for 'The Count’s Youngest Son is A Player'
2023-12-12 00:27:38,589 - INFO - New document inserted for 'The Count’s Youngest Son is A Player'
2023-12-12 00:27:38,589 - INFO - No matching document found in MongoDB for 'The Novel’s Extra (Remake)'
2023-12-12 00:27:38,589 - INFO - New document inserted for 'The Novel’s Extra (Remake)'
2023-12-12 00:27:38,589 - INFO - No matching document found in MongoDB for 'Martial God Regressed to Level 2'
2023-12-12 00:27:38,589 - INFO - New document inserted for 'Martial God Regressed to Level 2'
2023-12-12 00:27:38,589 - INFO - No matching document found in MongoDB for 'Astral Pet Store'
2023-12-12 00:27:38,589 - INFO - New document inserted for 'Astral Pet Store'
2023-12-12 00:27:38,590 - INFO - No matching document found in MongoDB for 'Boundless Necromancer'
2023-12-12 00:27:38,590 - INFO - New document inserted for 'Boundless Necromancer'
2023-12-12 00:27:38,590 - INFO - No matching document found in MongoDB for 'Disastrous Necromancer'
2023-12-12 00:27:38,590 - INFO - New document inserted for 'Disastrous Necromancer'
2023-12-12 00:27:38,590 - INFO - No matching document found in MongoDB for 'Gods’ Gambit'
2023-12-12 00:27:38,590 - INFO - New document inserted for 'Gods’ Gambit'
2023-12-12 00:27:38,590 - INFO - No matching document found in MongoDB for 'I Became a Renowned Family’s Sword Prodigy'
2023-12-12 00:27:38,590 - INFO - New document inserted for 'I Became a Renowned Family’s Sword Prodigy'
2023-12-12 00:27:38,590 - INFO - No matching document found in MongoDB for 'I Obtained a Mythic Item'
2023-12-12 00:27:38,590 - INFO - New document inserted for 'I Obtained a Mythic Item'
2023-12-12 00:27:38,591 - INFO - No matching document found in MongoDB for 'Kill The Hero'
2023-12-12 00:27:38,591 - INFO - New document inserted for 'Kill The Hero'
2023-12-12 00:27:38,591 - INFO - No matching document found in MongoDB for 'Overgeared'
2023-12-12 00:27:38,591 - INFO - New document inserted for 'Overgeared'
2023-12-12 00:27:38,591 - INFO - No matching document found in MongoDB for 'Reincarnation of the Suicidal Battle God'
2023-12-12 00:27:38,591 - INFO - New document inserted for 'Reincarnation of the Suicidal Battle God'
2023-12-12 00:27:38,591 - INFO - No matching document found in MongoDB for 'Return of the Legendary Spear Knight'
2023-12-12 00:27:38,591 - INFO - New document inserted for 'Return of the Legendary Spear Knight'
2023-12-12 00:27:38,591 - INFO - No matching document found in MongoDB for 'Return to Player'
2023-12-12 00:27:38,592 - INFO - New document inserted for 'Return to Player'
2023-12-12 00:27:38,592 - INFO - No matching document found in MongoDB for 'Seoul Station Druid'
2023-12-12 00:27:38,592 - INFO - New document inserted for 'Seoul Station Druid'
2023-12-12 00:27:38,592 - INFO - No matching document found in MongoDB for 'Seoul Station’s Necromancer'
2023-12-12 00:27:38,592 - INFO - New document inserted for 'Seoul Station’s Necromancer'
2023-12-12 00:27:38,592 - INFO - No matching document found in MongoDB for 'Sleeping Ranker'
2023-12-12 00:27:38,592 - INFO - New document inserted for 'Sleeping Ranker'
2023-12-12 00:27:38,592 - INFO - No matching document found in MongoDB for 'Solo Max-Level Newbie'
2023-12-12 00:27:38,592 - INFO - New document inserted for 'Solo Max-Level Newbie'
2023-12-12 00:27:38,592 - INFO - No matching document found in MongoDB for 'Spirit Farmer'
2023-12-12 00:27:38,592 - INFO - New document inserted for 'Spirit Farmer'
2023-12-12 00:27:38,592 - INFO - No matching document found in MongoDB for 'Swordmaster’s Youngest Son'
2023-12-12 00:27:38,593 - INFO - New document inserted for 'Swordmaster’s Youngest Son'
2023-12-12 00:27:38,593 - INFO - No matching document found in MongoDB for 'The Game That I Came From'
2023-12-12 00:27:38,593 - INFO - New document inserted for 'The Game That I Came From'
2023-12-12 00:27:38,593 - INFO - No matching document found in MongoDB for 'Necromancer Survival'
2023-12-12 00:27:38,593 - INFO - New document inserted for 'Necromancer Survival'
2023-12-12 00:27:38,593 - INFO - No matching document found in MongoDB for 'The Heavenly Demon Can’t Live a Normal Life'
2023-12-12 00:27:38,593 - INFO - New document inserted for 'The Heavenly Demon Can’t Live a Normal Life'
2023-12-12 00:27:38,593 - INFO - No matching document found in MongoDB for 'The Player Hides His Past'
2023-12-12 00:27:38,593 - INFO - New document inserted for 'The Player Hides His Past'
2023-12-12 00:27:38,594 - INFO - No matching document found in MongoDB for 'The Reincarnated Assassin is a Genius Swordsman'
2023-12-12 00:27:38,594 - INFO - New document inserted for 'The Reincarnated Assassin is a Genius Swordsman'
2023-12-12 00:27:38,594 - INFO - No matching document found in MongoDB for 'The World After The Fall'
2023-12-12 00:27:38,594 - INFO - New document inserted for 'The World After The Fall'
2023-12-12 00:27:38,594 - INFO - No matching document found in MongoDB for 'Villain to Kill'
2023-12-12 00:27:38,594 - INFO - New document inserted for 'Villain to Kill'
2023-12-12 00:27:38,594 - INFO - No matching document found in MongoDB for 'Academy’s Genius Swordmaster'
2023-12-12 00:27:38,594 - INFO - New document inserted for 'Academy’s Genius Swordmaster'
2023-12-12 00:27:38,594 - INFO - No matching document found in MongoDB for 'Chronicles of the Demon Faction'
2023-12-12 00:27:38,594 - INFO - New document inserted for 'Chronicles of the Demon Faction'
2023-12-12 00:27:38,594 - INFO - No matching document found in MongoDB for 'Cultivating the supreme dantian'
2023-12-12 00:27:38,594 - INFO - New document inserted for 'Cultivating the supreme dantian'
2023-12-12 00:27:38,595 - INFO - No matching document found in MongoDB for 'Evolution From a Tree'
2023-12-12 00:27:38,595 - INFO - New document inserted for 'Evolution From a Tree'
2023-12-12 00:27:38,595 - INFO - No matching document found in MongoDB for 'F-Class Destiny Hunter'
2023-12-12 00:27:38,595 - INFO - New document inserted for 'F-Class Destiny Hunter'
2023-12-12 00:27:38,595 - INFO - No matching document found in MongoDB for 'Global Mayhem: awakening SSS-Class talent at the start!'
2023-12-12 00:27:38,595 - INFO - New document inserted for 'Global Mayhem: awakening SSS-Class talent at the start!'
2023-12-12 00:27:38,595 - INFO - No matching document found in MongoDB for 'Golden Mage'
2023-12-12 00:27:38,595 - INFO - New document inserted for 'Golden Mage'
2023-12-12 00:27:38,595 - INFO - No matching document found in MongoDB for 'Grandson of the Holy Emperor is a Necromancer'
2023-12-12 00:27:38,595 - INFO - New document inserted for 'Grandson of the Holy Emperor is a Necromancer'
2023-12-12 00:27:38,595 - INFO - No matching document found in MongoDB for 'I Level Up By Absorbing Everything'
2023-12-12 00:27:38,595 - INFO - New document inserted for 'I Level Up By Absorbing Everything'
2023-12-12 00:27:38,596 - INFO - No matching document found in MongoDB for 'I Picked A Hammer To Save The World'
2023-12-12 00:27:38,596 - INFO - New document inserted for 'I Picked A Hammer To Save The World'
2023-12-12 00:27:38,596 - INFO - No matching document found in MongoDB for 'I’m Really Scared!'
2023-12-12 00:27:38,596 - INFO - New document inserted for 'I’m Really Scared!'
2023-12-12 00:27:38,596 - INFO - No matching document found in MongoDB for 'Insanely-Talented Player'
2023-12-12 00:27:38,596 - INFO - New document inserted for 'Insanely-Talented Player'
2023-12-12 00:27:38,596 - INFO - No matching document found in MongoDB for 'Legendary Blacksmith’s Vengeance'
2023-12-12 00:27:38,596 - INFO - New document inserted for 'Legendary Blacksmith’s Vengeance'
2023-12-12 00:27:38,596 - INFO - No matching document found in MongoDB for 'Logging 10,000 Years into the Future'
2023-12-12 00:27:38,596 - INFO - New document inserted for 'Logging 10,000 Years into the Future'
2023-12-12 00:27:38,596 - INFO - No matching document found in MongoDB for 'My Dragon System'
2023-12-12 00:27:38,597 - INFO - New document inserted for 'My Dragon System'
2023-12-12 00:27:38,597 - INFO - No matching document found in MongoDB for 'My Lucky Encounter From The Game Turned Into Reality'
2023-12-12 00:27:38,597 - INFO - New document inserted for 'My Lucky Encounter From The Game Turned Into Reality'
2023-12-12 00:27:38,597 - INFO - No matching document found in MongoDB for 'Reborn Ranker – Gravity User (Manga)'
2023-12-12 00:27:38,597 - INFO - New document inserted for 'Reborn Ranker – Gravity User (Manga)'
2023-12-12 00:27:38,597 - INFO - No matching document found in MongoDB for 'Records of the Demonic Path’s Return'
2023-12-12 00:27:38,597 - INFO - New document inserted for 'Records of the Demonic Path’s Return'
2023-12-12 00:27:38,597 - INFO - No matching document found in MongoDB for 'Returned as a Martial Genius'
2023-12-12 00:27:38,597 - INFO - New document inserted for 'Returned as a Martial Genius'
2023-12-12 00:27:38,597 - INFO - No matching document found in MongoDB for 'Steel-Eating Player'
2023-12-12 00:27:38,597 - INFO - New document inserted for 'Steel-Eating Player'
2023-12-12 00:27:38,597 - INFO - No matching document found in MongoDB for 'Sword Demon Island'
2023-12-12 00:27:38,598 - INFO - New document inserted for 'Sword Demon Island'
2023-12-12 00:27:38,598 - INFO - No matching document found in MongoDB for 'Tempest Tyrant'
2023-12-12 00:27:38,598 - INFO - New document inserted for 'Tempest Tyrant'
2023-12-12 00:27:38,598 - INFO - No matching document found in MongoDB for 'The Constellations Are My Disciples'
2023-12-12 00:27:38,598 - INFO - New document inserted for 'The Constellations Are My Disciples'
2023-12-12 00:27:38,598 - INFO - No matching document found in MongoDB for 'The Max-Level Player’s 100th Regression'
2023-12-12 00:27:38,598 - INFO - New document inserted for 'The Max-Level Player’s 100th Regression'
2023-12-12 00:27:38,598 - INFO - No matching document found in MongoDB for 'The Return Of Apocalypses Tyrant'
2023-12-12 00:27:38,599 - INFO - New document inserted for 'The Return Of Apocalypses Tyrant'
2023-12-12 00:27:38,599 - INFO - No matching document found in MongoDB for 'The Return of the Prodigious Swordmaster'
2023-12-12 00:27:38,599 - INFO - New document inserted for 'The Return of the Prodigious Swordmaster'
2023-12-12 00:27:38,599 - INFO - No matching document found in MongoDB for 'The Son Of The First Emperor Kills Enemies And Becomes A God'
2023-12-12 00:27:38,599 - INFO - New document inserted for 'The Son Of The First Emperor Kills Enemies And Becomes A God'
2023-12-12 00:27:38,599 - INFO - No matching document found in MongoDB for 'This Martial Saint Is Way Too Generous'
2023-12-12 00:27:38,599 - INFO - New document inserted for 'This Martial Saint Is Way Too Generous'
2023-12-12 00:27:38,599 - INFO - No matching document found in MongoDB for 'When The System Opens After The Age Of 100 , All Grandchildren Kneel Upon The Mountains!'
2023-12-12 00:27:38,599 - INFO - New document inserted for 'When The System Opens After The Age Of 100 , All Grandchildren Kneel Upon The Mountains!'
2023-12-12 00:27:38,599 - INFO - No matching document found in MongoDB for 'Apotheosis'
2023-12-12 00:27:38,600 - INFO - New document inserted for 'Apotheosis'
2023-12-12 00:27:38,600 - INFO - No matching document found in MongoDB for 'Magic Emperor'
2023-12-12 00:27:38,600 - INFO - New document inserted for 'Magic Emperor'
2023-12-12 00:27:38,600 - INFO - No matching document found in MongoDB for 'Martial Peak'
2023-12-12 00:27:38,600 - INFO - New document inserted for 'Martial Peak'
2023-12-12 00:27:38,600 - INFO - No matching document found in MongoDB for 'Tales Of Demons And Gods'
2023-12-12 00:27:38,600 - INFO - New document inserted for 'Tales Of Demons And Gods'
2023-12-12 00:27:38,600 - INFO - No matching document found in MongoDB for 'Yuan Zun'
2023-12-12 00:27:38,600 - INFO - New document inserted for 'Yuan Zun'
2023-12-12 00:27:38,600 - INFO - No matching document found in MongoDB for 'The Player that can’t Level Up'
2023-12-12 00:27:38,600 - INFO - New document inserted for 'The Player that can’t Level Up'
