2023-12-23 14:42:52,454 - INFO - No new chapters for 'Invincible at the Start': 109 -> 109
2023-12-23 14:42:57,949 - INFO - No new chapters for 'Reaper of the Drifting Moon': 66 -> 66
2023-12-23 14:43:03,350 - INFO - No new chapters for 'Weapon Maker': 21 -> 21
2023-12-23 14:43:06,421 - INFO - No new chapters for 'Nano Machine': 184 -> 184
2023-12-23 14:43:09,602 - INFO - No new chapters for 'Keep A Low Profile, Sect Leader': 298 -> 298
2023-12-23 14:43:12,844 - INFO - No new chapters for 'Return of the Flowery Mountain Sect': 102 -> 102
2023-12-23 14:43:16,199 - INFO - No new chapters for 'Omniscient Reader’s Viewpoint': 188 -> 188
2023-12-23 14:43:19,230 - INFO - No new chapters for 'Foreigner on the Periphery (Remake)': 25 -> 25
2023-12-23 14:43:22,423 - INFO - No new chapters for 'The Max Level Hero has Returned!': 147 -> 147
2023-12-23 14:43:25,684 - INFO - No new chapters for 'To Hell With Being A Saint I’m A Doctor': 76 -> 76
2023-12-23 14:43:29,384 - INFO - No new chapters for 'Leveling With The Gods': 99 -> 99
2023-12-23 14:43:32,588 - INFO - No new chapters for 'The Dark Mage’s Return to Enlistment': 44 -> 44
2023-12-23 14:43:36,165 - INFO - No new chapters for 'The S-Classes That I Raised': 115 -> 115
2023-12-23 14:43:39,732 - INFO - No new chapters for 'Silver Demon King': 113 -> 113
2023-12-23 14:43:43,084 - INFO - No new chapters for 'I Became A Part Time Employee For Gods': 45 -> 45
2023-12-23 14:43:47,161 - INFO - No new chapters for 'The Count’s Youngest Son is A Player': 28 -> 28
2023-12-23 14:43:50,367 - INFO - No new chapters for 'The Novel’s Extra (Remake)': 87 -> 87
2023-12-23 14:43:53,969 - INFO - No new chapters for 'Martial God Regressed to Level 2': 39 -> 39
2023-12-23 14:43:57,153 - INFO - No new chapters for 'Astral Pet Store': 129 -> 129
2023-12-23 14:44:05,452 - INFO - No new chapters for 'Disastrous Necromancer': 43 -> 43
2023-12-23 14:44:15,251 - INFO - No new chapters for 'Gods’ Gambit': 21 -> 21
2023-12-23 14:44:22,690 - INFO - No new chapters for 'I Became a Renowned Family’s Sword Prodigy': 91 -> 91
2023-12-23 14:44:32,193 - INFO - No new chapters for 'I Obtained a Mythic Item': 83 -> 83
2023-12-23 14:44:36,094 - INFO - No new chapters for 'Kill The Hero': 149 -> 149
2023-12-23 14:44:41,419 - INFO - No new chapters for 'Overgeared': 209 -> 209
2023-12-23 14:44:46,423 - INFO - No new chapters for 'Reincarnation of the Suicidal Battle God': 100 -> 100
2023-12-23 14:44:51,604 - INFO - No new chapters for 'Return of the Legendary Spear Knight': 117 -> 117
2023-12-23 14:44:57,341 - INFO - No new chapters for 'Return to Player': 150 -> 150
2023-12-23 14:45:03,727 - INFO - No new chapters for 'Seoul Station Druid': 110 -> 110
2023-12-23 14:45:09,608 - INFO - No new chapters for 'Seoul Station’s Necromancer': 112 -> 112
2023-12-23 14:45:17,656 - INFO - No new chapters for 'Sleeping Ranker': 100 -> 100
2023-12-23 14:45:23,056 - INFO - No new chapters for 'Solo Max-Level Newbie': 131 -> 131
2023-12-23 14:45:28,303 - INFO - No new chapters for 'Spirit Farmer': 153 -> 153
2023-12-23 14:45:33,674 - INFO - No new chapters for 'Swordmaster’s Youngest Son': 100 -> 100
2023-12-23 14:45:46,857 - INFO - No new chapters for 'The Game That I Came From': 236 -> 236
2023-12-23 14:45:51,203 - INFO - No new chapters for 'Necromancer Survival': 79 -> 79
2023-12-23 14:45:56,286 - INFO - No new chapters for 'The Heavenly Demon Can’t Live a Normal Life': 99 -> 99
2023-12-23 14:46:00,050 - INFO - No new chapters for 'The Player Hides His Past': 33 -> 33
2023-12-23 14:46:08,344 - INFO - No new chapters for 'The Reincarnated Assassin is a Genius Swordsman': 30 -> 30
2023-12-23 14:46:11,654 - INFO - No new chapters for 'The World After The Fall': 104 -> 104
2023-12-23 14:46:17,526 - INFO - No new chapters for 'Villain to Kill': 126 -> 126
2023-12-23 14:46:20,842 - INFO - No new chapters for 'Academy’s Genius Swordmaster': 26 -> 26
2023-12-23 14:46:31,219 - INFO - No new chapters for 'Chronicles of the Demon Faction': 46 -> 46
2023-12-23 14:46:37,146 - INFO - No new chapters for 'Cultivating the supreme dantian': 279 -> 279
2023-12-23 14:46:44,164 - INFO - No new chapters for 'Evolution From a Tree': 146 -> 146
2023-12-23 14:46:49,993 - INFO - No new chapters for 'F-Class Destiny Hunter': 52 -> 52
2023-12-23 14:46:56,404 - INFO - No new chapters for 'Global Mayhem: awakening SSS-Class talent at the start!': 80 -> 80
2023-12-23 14:47:04,499 - INFO - No new chapters for 'Golden Mage': 40 -> 40
2023-12-23 14:47:13,216 - INFO - No new chapters for 'Grandson of the Holy Emperor is a Necromancer': 22 -> 22
2023-12-23 14:47:19,948 - INFO - No new chapters for 'I Level Up By Absorbing Everything': 27 -> 27
2023-12-23 14:47:30,919 - INFO - No new chapters for 'I Picked A Hammer To Save The World': 57 -> 57
2023-12-23 14:47:38,358 - INFO - No new chapters for 'I’m Really Scared!': 39 -> 39
2023-12-23 14:47:44,404 - INFO - No new chapters for 'Insanely-Talented Player': 20 -> 20
2023-12-23 14:47:50,572 - INFO - No new chapters for 'Legendary Blacksmith’s Vengeance': 34 -> 34
2023-12-23 14:47:56,364 - INFO - No new chapters for 'Logging 10,000 Years into the Future': 78 -> 78
2023-12-23 14:48:02,185 - INFO - No new chapters for 'My Dragon System': 54 -> 54
2023-12-23 14:48:08,323 - INFO - No new chapters for 'My Lucky Encounter From The Game Turned Into Reality': 32 -> 32
2023-12-23 14:48:13,904 - INFO - No new chapters for 'Reborn Ranker – Gravity User (Manga)': 59 -> 59
2023-12-23 14:48:20,263 - INFO - No new chapters for 'Records of the Demonic Path’s Return': 27 -> 27
2023-12-23 14:48:26,608 - INFO - No new chapters for 'Returned as a Martial Genius': 28 -> 28
2023-12-23 14:48:32,195 - INFO - No new chapters for 'Steel-Eating Player': 19 -> 19
2023-12-23 14:48:40,174 - INFO - No new chapters for 'Sword Demon Island': 62 -> 62
2023-12-23 14:48:46,295 - INFO - No new chapters for 'Tempest Tyrant': 31 -> 31
2023-12-23 14:48:52,093 - INFO - No new chapters for 'The Constellations Are My Disciples': 47 -> 47
2023-12-23 14:48:58,240 - INFO - No new chapters for 'The Return Of Apocalypses Tyrant': 25 -> 25
2023-12-23 14:49:17,734 - INFO - No new chapters for 'The Son Of The First Emperor Kills Enemies And Becomes A God': 79 -> 79
2023-12-23 14:49:30,378 - INFO - No new chapters for 'Apotheosis': 1146 -> 1146
2023-12-23 14:49:37,837 - INFO - No new chapters for 'Magic Emperor': 483 -> 483
2023-12-23 14:49:46,708 - INFO - No new chapters for 'Martial Peak': 3639 -> 3639
2023-12-23 14:49:56,038 - INFO - No new chapters for 'Tales Of Demons And Gods': 457.1 -> 457.1
2023-12-23 14:50:03,782 - INFO - No new chapters for 'Yuan Zun': 557.5 -> 557.5
2023-12-23 14:50:07,528 - INFO - No new chapters for 'The Player that can’t Level Up': 128 -> 128
2023-12-23 14:50:10,801 - INFO - No new chapters for 'The Max-Level Player’s 100th Regression': 31 -> 31
2023-12-23 14:50:13,977 - INFO - New chapters for 'The Iron-Blooded Necromancer Has Returned': 0 -> 30
2023-12-23 14:50:17,214 - INFO - New chapters for 'I Became The Youngest Prince in The Novel': 0 -> 21
2023-12-23 14:50:21,683 - INFO - New chapters for 'Dawn of the Predecessor': 0 -> 48
