2023-12-16 17:22:23,584 - INFO - No new chapters for 'Invincible at the Start': 106 -> 106
2023-12-16 17:22:26,819 - INFO - No new chapters for 'Reaper of the Drifting Moon': 63 -> 63
2023-12-16 17:22:30,249 - INFO - No new chapters for 'Weapon Maker': 18 -> 18
2023-12-16 17:22:33,432 - INFO - No new chapters for 'Nano Machine': 181 -> 181
2023-12-16 17:22:36,872 - INFO - No new chapters for 'Keep A Low Profile, Sect Leader': 295 -> 295
2023-12-16 17:22:40,091 - INFO - No new chapters for 'Return of the Flowery Mountain Sect': 99 -> 99
2023-12-16 17:22:44,087 - INFO - No new chapters for 'Omniscient Reader’s Viewpoint': 185 -> 185
2023-12-16 17:22:47,310 - INFO - No new chapters for 'Foreigner on the Periphery (Remake)': 22 -> 22
2023-12-16 17:22:50,433 - INFO - No new chapters for 'The Max Level Hero has Returned!': 144 -> 144
2023-12-16 17:22:53,752 - INFO - No new chapters for 'To Hell With Being A Saint I’m A Doctor': 73 -> 73
2023-12-16 17:22:57,081 - INFO - No new chapters for 'Leveling With The Gods': 96 -> 96
2023-12-16 17:23:00,463 - INFO - No new chapters for 'The Dark Mage’s Return to Enlistment': 41 -> 41
2023-12-16 17:23:03,797 - INFO - No new chapters for 'The S-Classes That I Raised': 112 -> 112
2023-12-16 17:23:06,694 - INFO - No new chapters for 'Silver Demon King': 110 -> 110
2023-12-16 17:23:09,824 - INFO - No new chapters for 'I Became A Part Time Employee For Gods': 42 -> 42
2023-12-16 17:23:12,994 - INFO - No new chapters for 'The Count’s Youngest Son is A Player': 25 -> 25
2023-12-16 17:23:16,254 - INFO - No new chapters for 'The Novel’s Extra (Remake)': 84 -> 84
2023-12-16 17:23:19,540 - INFO - No new chapters for 'Martial God Regressed to Level 2': 36 -> 36
2023-12-16 17:23:22,919 - INFO - No new chapters for 'Astral Pet Store': 126 -> 126
2023-12-16 17:23:30,192 - INFO - No new chapters for 'Disastrous Necromancer': 40 -> 40
2023-12-16 17:23:36,243 - INFO - No new chapters for 'Gods’ Gambit': 18 -> 18
2023-12-16 17:23:39,298 - INFO - No new chapters for 'I Became a Renowned Family’s Sword Prodigy': 88 -> 88
2023-12-16 17:23:45,752 - INFO - No new chapters for 'Kill The Hero': 146 -> 146
2023-12-16 17:23:49,063 - INFO - No new chapters for 'Overgeared': 206 -> 206
2023-12-16 17:23:52,127 - INFO - No new chapters for 'Reincarnation of the Suicidal Battle God': 97 -> 97
2023-12-16 17:23:55,594 - INFO - No new chapters for 'Return of the Legendary Spear Knight': 114 -> 114
2023-12-16 17:23:59,196 - INFO - No new chapters for 'Return to Player': 147 -> 147
2023-12-16 17:24:02,350 - INFO - No new chapters for 'Seoul Station Druid': 107 -> 107
2023-12-16 17:24:05,660 - INFO - No new chapters for 'Seoul Station’s Necromancer': 109 -> 109
2023-12-16 17:24:11,133 - INFO - No new chapters for 'Sleeping Ranker': 97 -> 97
2023-12-16 17:24:14,341 - INFO - No new chapters for 'Solo Max-Level Newbie': 128 -> 128
2023-12-16 17:24:17,576 - INFO - No new chapters for 'Spirit Farmer': 150 -> 150
2023-12-16 17:24:20,774 - INFO - No new chapters for 'Swordmaster’s Youngest Son': 97 -> 97
2023-12-16 17:24:26,436 - INFO - No new chapters for 'The Game That I Came From': 233 -> 233
2023-12-16 17:24:29,743 - INFO - No new chapters for 'Necromancer Survival': 76 -> 76
2023-12-16 17:24:33,050 - INFO - No new chapters for 'The Heavenly Demon Can’t Live a Normal Life': 96 -> 96
2023-12-16 17:24:36,224 - INFO - No new chapters for 'The Player Hides His Past': 30 -> 30
2023-12-16 17:24:39,372 - INFO - No new chapters for 'The Reincarnated Assassin is a Genius Swordsman': 27 -> 27
2023-12-16 17:24:42,589 - INFO - No new chapters for 'The World After The Fall': 101 -> 101
2023-12-16 17:24:46,058 - INFO - No new chapters for 'Villain to Kill': 123 -> 123
2023-12-16 17:24:49,108 - INFO - No new chapters for 'Academy’s Genius Swordmaster': 23 -> 23
2023-12-16 17:24:53,808 - INFO - No new chapters for 'Chronicles of the Demon Faction': 43 -> 43
2023-12-16 17:24:58,307 - INFO - No new chapters for 'Cultivating the supreme dantian': 275 -> 275
2023-12-16 17:25:02,795 - INFO - No new chapters for 'Evolution From a Tree': 143 -> 143
2023-12-16 17:25:07,278 - INFO - No new chapters for 'F-Class Destiny Hunter': 49 -> 49
2023-12-16 17:25:11,830 - INFO - No new chapters for 'Global Mayhem: awakening SSS-Class talent at the start!': 77 -> 77
2023-12-16 17:25:16,969 - INFO - No new chapters for 'Golden Mage': 37 -> 37
2023-12-16 17:25:26,498 - INFO - No new chapters for 'Grandson of the Holy Emperor is a Necromancer': 19 -> 19
2023-12-16 17:25:30,834 - INFO - No new chapters for 'I Level Up By Absorbing Everything': 24 -> 24
2023-12-16 17:25:35,344 - INFO - No new chapters for 'I Picked A Hammer To Save The World': 54 -> 54
2023-12-16 17:25:40,102 - INFO - No new chapters for 'I’m Really Scared!': 36 -> 36
2023-12-16 17:25:44,704 - INFO - No new chapters for 'Insanely-Talented Player': 17 -> 17
2023-12-16 17:25:49,249 - INFO - No new chapters for 'Legendary Blacksmith’s Vengeance': 31 -> 31
2023-12-16 17:25:53,461 - INFO - No new chapters for 'Logging 10,000 Years into the Future': 75 -> 75
2023-12-16 17:25:58,046 - INFO - No new chapters for 'My Dragon System': 51 -> 51
2023-12-16 17:26:02,946 - INFO - No new chapters for 'My Lucky Encounter From The Game Turned Into Reality': 29 -> 29
2023-12-16 17:26:07,924 - INFO - No new chapters for 'Reborn Ranker – Gravity User (Manga)': 56 -> 56
2023-12-16 17:26:12,725 - INFO - No new chapters for 'Records of the Demonic Path’s Return': 24 -> 24
2023-12-16 17:26:16,920 - INFO - No new chapters for 'Returned as a Martial Genius': 25 -> 25
2023-12-16 17:26:21,275 - INFO - No new chapters for 'Steel-Eating Player': 16 -> 16
2023-12-16 17:26:25,340 - INFO - No new chapters for 'Sword Demon Island': 59 -> 59
2023-12-16 17:26:29,924 - INFO - No new chapters for 'Tempest Tyrant': 28 -> 28
2023-12-16 17:26:35,656 - INFO - No new chapters for 'The Constellations Are My Disciples': 44 -> 44
2023-12-16 17:26:40,286 - INFO - No new chapters for 'The Return Of Apocalypses Tyrant': 22 -> 22
2023-12-16 17:26:44,471 - INFO - No new chapters for 'The Son Of The First Emperor Kills Enemies And Becomes A God': 76 -> 76
2023-12-16 17:26:47,724 - INFO - No new chapters for 'Apotheosis': 1143 -> 1143
2023-12-16 17:26:51,069 - INFO - No new chapters for 'Magic Emperor': 480 -> 480
2023-12-16 17:26:55,618 - INFO - No new chapters for 'Martial Peak': 3636 -> 3636
2023-12-16 17:26:58,789 - INFO - No new chapters for 'Tales Of Demons And Gods': 454.1 -> 454.1
2023-12-16 17:27:01,944 - INFO - No new chapters for 'Yuan Zun': 554.5 -> 554.5
2023-12-16 17:27:05,931 - INFO - No new chapters for 'The Player that can’t Level Up': 125 -> 125
2023-12-16 17:27:09,882 - INFO - No new chapters for 'The Max-Level Player’s 100th Regression': 28 -> 28
