2023-12-30 21:22:57,691 - INFO - New chapters for 'Invincible at the Start': 0 -> 113
2023-12-30 21:23:00,966 - INFO - New chapters for 'Reaper of the Drifting Moon': 0 -> 68
2023-12-30 21:23:04,025 - INFO - New chapters for 'Weapon Maker': 0 -> 23
2023-12-30 21:23:07,526 - INFO - New chapters for 'Nano Machine': 0 -> 186
2023-12-30 21:23:11,097 - INFO - New chapters for 'Keep A Low Profile, Sect Leader': 0 -> 304
2023-12-30 21:23:14,841 - INFO - New chapters for 'Return of the Flowery Mountain Sect': 0 -> 104
2023-12-30 21:23:18,025 - INFO - New chapters for 'Omniscient Reader’s Viewpoint': 0 -> 190
2023-12-30 21:23:21,134 - INFO - New chapters for 'Foreigner on the Periphery (Remake)': 0 -> 27
2023-12-30 21:23:24,190 - INFO - New chapters for 'The Max Level Hero has Returned!': 0 -> 148
2023-12-30 21:23:27,591 - INFO - New chapters for 'To Hell With Being A Saint I’m A Doctor': 0 -> 79
2023-12-30 21:23:30,737 - INFO - New chapters for 'Leveling With The Gods': 0 -> 100
2023-12-30 21:23:35,098 - INFO - New chapters for 'The S-Classes That I Raised': 0 -> 117
2023-12-30 21:23:38,305 - INFO - New chapters for 'Silver Demon King': 0 -> 115
2023-12-30 21:23:41,567 - INFO - New chapters for 'I Became A Part Time Employee For Gods': 0 -> 46
2023-12-30 21:23:45,274 - INFO - New chapters for 'The Count’s Youngest Son is A Player': 0 -> 30
2023-12-30 21:23:48,495 - INFO - New chapters for 'The Novel’s Extra (Remake)': 0 -> 89
2023-12-30 21:23:51,739 - INFO - New chapters for 'Martial God Regressed to Level 2': 0 -> 41
2023-12-30 21:23:55,305 - INFO - New chapters for 'Astral Pet Store': 0 -> 131
2023-12-30 21:24:05,799 - INFO - New chapters for 'Disastrous Necromancer': 0 -> 48
2023-12-30 21:24:15,747 - INFO - New chapters for 'Gods’ Gambit': 0 -> 22
2023-12-30 21:24:25,861 - INFO - New chapters for 'I Became a Renowned Family’s Sword Prodigy': 0 -> 93
2023-12-30 21:24:35,165 - INFO - New chapters for 'I Obtained a Mythic Item': 0 -> 86
2023-12-30 21:24:39,571 - INFO - New chapters for 'Kill The Hero': 0 -> 150
2023-12-30 21:24:43,781 - INFO - New chapters for 'Overgeared': 0 -> 212
2023-12-30 21:24:47,038 - INFO - New chapters for 'Reincarnation of the Suicidal Battle God': 0 -> 101.5
2023-12-30 21:24:50,595 - INFO - New chapters for 'Return of the Legendary Spear Knight': 0 -> 119
2023-12-30 21:24:54,744 - INFO - New chapters for 'Return to Player': 0 -> 150
2023-12-30 21:24:57,927 - INFO - New chapters for 'Seoul Station Druid': 0 -> 116
2023-12-30 21:25:01,389 - INFO - New chapters for 'Seoul Station’s Necromancer': 0 -> 113
2023-12-30 21:25:11,702 - INFO - New chapters for 'Sleeping Ranker': 0 -> 100
2023-12-30 21:25:14,913 - INFO - New chapters for 'Solo Max-Level Newbie': 0 -> 132
2023-12-30 21:25:18,079 - INFO - New chapters for 'Spirit Farmer': 0 -> 154
2023-12-30 21:25:21,244 - INFO - New chapters for 'Swordmaster’s Youngest Son': 0 -> 100
2023-12-30 21:25:28,752 - INFO - New chapters for 'The Game That I Came From': 0 -> 240
2023-12-30 21:25:32,025 - INFO - New chapters for 'Necromancer Survival': 0 -> 79
2023-12-30 21:25:35,312 - INFO - New chapters for 'The Heavenly Demon Can’t Live a Normal Life': 0 -> 101
2023-12-30 21:25:38,421 - INFO - New chapters for 'The Player Hides His Past': 0 -> 35
2023-12-30 21:25:41,619 - INFO - New chapters for 'The Reincarnated Assassin is a Genius Swordsman': 0 -> 32
2023-12-30 21:25:44,927 - INFO - New chapters for 'The World After The Fall': 0 -> 107
2023-12-30 21:25:48,203 - INFO - New chapters for 'Villain to Kill': 0 -> 129
2023-12-30 21:25:51,455 - INFO - New chapters for 'Academy’s Genius Swordmaster': 0 -> 28
2023-12-30 21:26:06,957 - INFO - New chapters for 'Cultivating the supreme dantian': 0 -> 282
2023-12-30 21:26:16,382 - INFO - New chapters for 'Evolution From a Tree': 0 -> 152
2023-12-30 21:26:25,381 - INFO - New chapters for 'F-Class Destiny Hunter': 0 -> 54
2023-12-30 21:26:34,534 - INFO - New chapters for 'Global Mayhem: awakening SSS-Class talent at the start!': 0 -> 80
2023-12-30 21:26:43,827 - INFO - New chapters for 'Golden Mage': 0 -> 40
2023-12-30 21:26:56,651 - INFO - New chapters for 'Grandson of the Holy Emperor is a Necromancer': 0 -> 24
2023-12-30 21:27:09,255 - INFO - New chapters for 'I Level Up By Absorbing Everything': 0 -> 29
2023-12-30 21:27:18,963 - INFO - New chapters for 'I Picked A Hammer To Save The World': 0 -> 59
2023-12-30 21:27:28,289 - INFO - New chapters for 'I’m Really Scared!': 0 -> 39
2023-12-30 21:27:44,065 - INFO - New chapters for 'Insanely-Talented Player': 0 -> 22
2023-12-30 21:27:57,038 - INFO - New chapters for 'Legendary Blacksmith’s Vengeance': 0 -> 36
2023-12-30 21:28:08,240 - INFO - New chapters for 'Logging 10,000 Years into the Future': 0 -> 82
2023-12-30 21:28:17,026 - INFO - New chapters for 'My Dragon System': 0 -> 57
2023-12-30 21:28:25,618 - INFO - New chapters for 'My Lucky Encounter From The Game Turned Into Reality': 0 -> 34
2023-12-30 21:28:34,415 - INFO - New chapters for 'Reborn Ranker – Gravity User (Manga)': 0 -> 59
2023-12-30 21:28:42,621 - INFO - New chapters for 'Records of the Demonic Path’s Return': 0 -> 28
2023-12-30 21:28:51,245 - INFO - New chapters for 'Returned as a Martial Genius': 0 -> 28
2023-12-30 21:29:00,742 - INFO - New chapters for 'Steel-Eating Player': 0 -> 21
2023-12-30 21:29:09,475 - INFO - New chapters for 'Sword Demon Island': 0 -> 63
2023-12-30 21:29:18,412 - INFO - New chapters for 'Tempest Tyrant': 0 -> 32
2023-12-30 21:29:26,377 - INFO - New chapters for 'The Constellations Are My Disciples': 0 -> 49
2023-12-30 21:29:35,021 - INFO - New chapters for 'The Return Of Apocalypses Tyrant': 0 -> 27
2023-12-30 21:29:43,432 - INFO - New chapters for 'The Son Of The First Emperor Kills Enemies And Becomes A God': 0 -> 85
2023-12-30 21:29:55,021 - INFO - New chapters for 'Apotheosis': 0 -> 1150
2023-12-30 21:30:09,270 - INFO - New chapters for 'Magic Emperor': 0 -> 489
2023-12-30 21:30:23,755 - INFO - New chapters for 'Martial Peak': 0 -> 3650
2023-12-30 21:30:32,647 - INFO - New chapters for 'Tales Of Demons And Gods': 0 -> 459.1
2023-12-30 21:30:40,711 - INFO - New chapters for 'Yuan Zun': 0 -> 561
2023-12-30 21:30:43,966 - INFO - New chapters for 'The Player that can’t Level Up': 0 -> 130
2023-12-30 21:30:47,329 - INFO - New chapters for 'The Max-Level Player’s 100th Regression': 0 -> 33
2023-12-30 21:30:50,606 - INFO - New chapters for 'The Dark Mage’s Return to Enlistment': 0 -> 46
2023-12-30 21:30:53,861 - INFO - New chapters for 'The Iron-Blooded Necromancer Has Returned': 0 -> 31
2023-12-30 21:30:58,317 - INFO - New chapters for 'I Became The Youngest Prince in The Novel': 0 -> 22
