2023-12-25 12:54:00,280 - INFO - New Manga document Inserted in MongoDB -> 'Invincible at the Start'
2023-12-25 12:54:00,281 - INFO - New Manga document Inserted in MongoDB -> 'Reaper of the Drifting Moon'
2023-12-25 12:54:00,281 - INFO - New Manga document Inserted in MongoDB -> 'Weapon Maker'
2023-12-25 12:54:00,281 - INFO - New Manga document Inserted in MongoDB -> 'Nano Machine'
2023-12-25 12:54:00,281 - INFO - New Manga document Inserted in MongoDB -> 'Keep A Low Profile, Sect Leader'
2023-12-25 12:54:00,282 - INFO - New Manga document Inserted in MongoDB -> 'Return of the Flowery Mountain Sect'
2023-12-25 12:54:00,282 - INFO - New Manga document Inserted in MongoDB -> 'Omniscient Reader’s Viewpoint'
2023-12-25 12:54:00,282 - INFO - New Manga document Inserted in MongoDB -> 'Foreigner on the Periphery (Remake)'
2023-12-25 12:54:00,282 - INFO - New Manga document Inserted in MongoDB -> 'The Max Level Hero has Returned!'
2023-12-25 12:54:00,282 - INFO - New Manga document Inserted in MongoDB -> 'To Hell With Being A Saint I’m A Doctor'
2023-12-25 12:54:00,282 - INFO - New Manga document Inserted in MongoDB -> 'Leveling With The Gods'
2023-12-25 12:54:00,282 - INFO - New Manga document Inserted in MongoDB -> 'The S-Classes That I Raised'
2023-12-25 12:54:00,283 - INFO - New Manga document Inserted in MongoDB -> 'Silver Demon King'
2023-12-25 12:54:00,283 - INFO - New Manga document Inserted in MongoDB -> 'I Became A Part Time Employee For Gods'
2023-12-25 12:54:00,283 - INFO - New Manga document Inserted in MongoDB -> 'The Count’s Youngest Son is A Player'
2023-12-25 12:54:00,283 - INFO - New Manga document Inserted in MongoDB -> 'The Novel’s Extra (Remake)'
2023-12-25 12:54:00,283 - INFO - New Manga document Inserted in MongoDB -> 'Martial God Regressed to Level 2'
2023-12-25 12:54:00,283 - INFO - New Manga document Inserted in MongoDB -> 'Astral Pet Store'
2023-12-25 12:54:00,284 - INFO - New Manga document Inserted in MongoDB -> 'Disastrous Necromancer'
2023-12-25 12:54:00,284 - INFO - New Manga document Inserted in MongoDB -> 'Gods’ Gambit'
2023-12-25 12:54:00,284 - INFO - New Manga document Inserted in MongoDB -> 'I Became a Renowned Family’s Sword Prodigy'
2023-12-25 12:54:00,284 - INFO - New Manga document Inserted in MongoDB -> 'I Obtained a Mythic Item'
2023-12-25 12:54:00,284 - INFO - New Manga document Inserted in MongoDB -> 'Kill The Hero'
2023-12-25 12:54:00,284 - INFO - New Manga document Inserted in MongoDB -> 'Overgeared'
2023-12-25 12:54:00,284 - INFO - New Manga document Inserted in MongoDB -> 'Reincarnation of the Suicidal Battle God'
2023-12-25 12:54:00,284 - INFO - New Manga document Inserted in MongoDB -> 'Return of the Legendary Spear Knight'
2023-12-25 12:54:00,284 - INFO - New Manga document Inserted in MongoDB -> 'Return to Player'
2023-12-25 12:54:00,284 - INFO - New Manga document Inserted in MongoDB -> 'Seoul Station Druid'
2023-12-25 12:54:00,285 - INFO - New Manga document Inserted in MongoDB -> 'Seoul Station’s Necromancer'
2023-12-25 12:54:00,285 - INFO - New Manga document Inserted in MongoDB -> 'Sleeping Ranker'
2023-12-25 12:54:00,285 - INFO - New Manga document Inserted in MongoDB -> 'Solo Max-Level Newbie'
2023-12-25 12:54:00,285 - INFO - New Manga document Inserted in MongoDB -> 'Spirit Farmer'
2023-12-25 12:54:00,285 - INFO - New Manga document Inserted in MongoDB -> 'Swordmaster’s Youngest Son'
2023-12-25 12:54:00,285 - INFO - New Manga document Inserted in MongoDB -> 'The Game That I Came From'
2023-12-25 12:54:00,285 - INFO - New Manga document Inserted in MongoDB -> 'Necromancer Survival'
2023-12-25 12:54:00,285 - INFO - New Manga document Inserted in MongoDB -> 'The Heavenly Demon Can’t Live a Normal Life'
2023-12-25 12:54:00,285 - INFO - New Manga document Inserted in MongoDB -> 'The Player Hides His Past'
2023-12-25 12:54:00,285 - INFO - New Manga document Inserted in MongoDB -> 'The Reincarnated Assassin is a Genius Swordsman'
2023-12-25 12:54:00,286 - INFO - New Manga document Inserted in MongoDB -> 'The World After The Fall'
2023-12-25 12:54:00,286 - INFO - New Manga document Inserted in MongoDB -> 'Villain to Kill'
2023-12-25 12:54:00,286 - INFO - New Manga document Inserted in MongoDB -> 'Academy’s Genius Swordmaster'
2023-12-25 12:54:00,286 - INFO - New Manga document Inserted in MongoDB -> 'Chronicles of the Demon Faction'
2023-12-25 12:54:00,286 - INFO - New Manga document Inserted in MongoDB -> 'Cultivating the supreme dantian'
2023-12-25 12:54:00,286 - INFO - New Manga document Inserted in MongoDB -> 'Evolution From a Tree'
2023-12-25 12:54:00,286 - INFO - New Manga document Inserted in MongoDB -> 'F-Class Destiny Hunter'
2023-12-25 12:54:00,286 - INFO - New Manga document Inserted in MongoDB -> 'Global Mayhem: awakening SSS-Class talent at the start!'
2023-12-25 12:54:00,286 - INFO - New Manga document Inserted in MongoDB -> 'Golden Mage'
2023-12-25 12:54:00,286 - INFO - New Manga document Inserted in MongoDB -> 'Grandson of the Holy Emperor is a Necromancer'
2023-12-25 12:54:00,287 - INFO - New Manga document Inserted in MongoDB -> 'I Level Up By Absorbing Everything'
2023-12-25 12:54:00,287 - INFO - New Manga document Inserted in MongoDB -> 'I Picked A Hammer To Save The World'
2023-12-25 12:54:00,287 - INFO - New Manga document Inserted in MongoDB -> 'I’m Really Scared!'
2023-12-25 12:54:00,287 - INFO - New Manga document Inserted in MongoDB -> 'Insanely-Talented Player'
2023-12-25 12:54:00,287 - INFO - New Manga document Inserted in MongoDB -> 'Legendary Blacksmith’s Vengeance'
2023-12-25 12:54:00,287 - INFO - New Manga document Inserted in MongoDB -> 'Logging 10,000 Years into the Future'
2023-12-25 12:54:00,287 - INFO - New Manga document Inserted in MongoDB -> 'My Dragon System'
2023-12-25 12:54:00,287 - INFO - New Manga document Inserted in MongoDB -> 'My Lucky Encounter From The Game Turned Into Reality'
2023-12-25 12:54:00,287 - INFO - New Manga document Inserted in MongoDB -> 'Reborn Ranker – Gravity User (Manga)'
2023-12-25 12:54:00,287 - INFO - New Manga document Inserted in MongoDB -> 'Records of the Demonic Path’s Return'
2023-12-25 12:54:00,287 - INFO - New Manga document Inserted in MongoDB -> 'Returned as a Martial Genius'
2023-12-25 12:54:00,288 - INFO - New Manga document Inserted in MongoDB -> 'Steel-Eating Player'
2023-12-25 12:54:00,288 - INFO - New Manga document Inserted in MongoDB -> 'Sword Demon Island'
2023-12-25 12:54:00,288 - INFO - New Manga document Inserted in MongoDB -> 'Tempest Tyrant'
2023-12-25 12:54:00,288 - INFO - New Manga document Inserted in MongoDB -> 'The Constellations Are My Disciples'
2023-12-25 12:54:00,288 - INFO - New Manga document Inserted in MongoDB -> 'The Return Of Apocalypses Tyrant'
2023-12-25 12:54:00,288 - INFO - New Manga document Inserted in MongoDB -> 'The Son Of The First Emperor Kills Enemies And Becomes A God'
2023-12-25 12:54:00,288 - INFO - New Manga document Inserted in MongoDB -> 'Apotheosis'
2023-12-25 12:54:00,288 - INFO - New Manga document Inserted in MongoDB -> 'Magic Emperor'
2023-12-25 12:54:00,288 - INFO - New Manga document Inserted in MongoDB -> 'Martial Peak'
2023-12-25 12:54:00,288 - INFO - New Manga document Inserted in MongoDB -> 'Tales Of Demons And Gods'
2023-12-25 12:54:00,289 - INFO - New Manga document Inserted in MongoDB -> 'Yuan Zun'
2023-12-25 12:54:00,289 - INFO - New Manga document Inserted in MongoDB -> 'The Player that can’t Level Up'
2023-12-25 12:54:00,289 - INFO - New Manga document Inserted in MongoDB -> 'The Max-Level Player’s 100th Regression'
2023-12-25 12:54:00,289 - INFO - New Manga document Inserted in MongoDB -> 'The Dark Mage’s Return to Enlistment'
2023-12-25 12:54:00,289 - INFO - New Manga document Inserted in MongoDB -> 'The Iron-Blooded Necromancer Has Returned'
2023-12-25 12:54:00,289 - INFO - New Manga document Inserted in MongoDB -> 'I Became The Youngest Prince in The Novel'
