2023-12-12 00:56:50,855 - INFO - New chapters for 'Invincible at the Start': 0 -> 109
2023-12-12 00:56:54,257 - INFO - New chapters for 'Reaper of the Drifting Moon': 0 -> 65
2023-12-12 00:56:57,423 - INFO - New chapters for 'Weapon Maker': 0 -> 21
2023-12-12 00:57:00,644 - INFO - New chapters for 'Nano Machine': 0 -> 183
2023-12-12 00:57:03,935 - INFO - New chapters for 'Keep A Low Profile, Sect Leader': 0 -> 297
2023-12-12 00:57:07,423 - INFO - New chapters for 'Return of the Flowery Mountain Sect': 0 -> 101
2023-12-12 00:57:12,417 - INFO - New chapters for 'Omniscient Reader’s Viewpoint': 0 -> 187
2023-12-12 00:57:15,538 - INFO - New chapters for 'Foreigner on the Periphery (Remake)': 0 -> 24
2023-12-12 00:57:18,825 - INFO - New chapters for 'The Max Level Hero has Returned!': 0 -> 147
2023-12-12 00:57:22,009 - INFO - New chapters for 'To Hell With Being A Saint I’m A Doctor': 0 -> 76
2023-12-12 00:57:25,296 - INFO - New chapters for 'Leveling With The Gods': 0 -> 98
2023-12-12 00:57:28,568 - INFO - New chapters for 'The Dark Mage’s Return to Enlistment': 0 -> 44
2023-12-12 00:57:32,008 - INFO - New chapters for 'The S-Classes That I Raised': 0 -> 114
2023-12-12 00:57:35,364 - INFO - New chapters for 'Silver Demon King': 0 -> 112
2023-12-12 00:57:40,011 - INFO - New chapters for 'I Became A Part Time Employee For Gods': 0 -> 45
2023-12-12 00:57:43,106 - INFO - New chapters for 'The Count’s Youngest Son is A Player': 0 -> 28
2023-12-12 00:57:46,567 - INFO - New chapters for 'The Novel’s Extra (Remake)': 0 -> 87
2023-12-12 00:57:55,294 - INFO - New chapters for 'Martial God Regressed to Level 2': 0 -> 39
2023-12-12 00:57:58,819 - INFO - New chapters for 'Astral Pet Store': 0 -> 129
2023-12-12 00:58:02,033 - INFO - New chapters for 'Boundless Necromancer': 0 -> 62
2023-12-12 00:58:07,920 - INFO - New chapters for 'Disastrous Necromancer': 0 -> 43
2023-12-12 00:58:19,977 - INFO - New chapters for 'Gods’ Gambit': 0 -> 20
2023-12-12 01:00:31,491 - INFO - New chapters for 'I Became a Renowned Family’s Sword Prodigy': 0 -> 90
2023-12-12 01:00:43,051 - INFO - New chapters for 'I Obtained a Mythic Item': 0 -> 83
2023-12-12 01:00:46,548 - INFO - New chapters for 'Kill The Hero': 0 -> 148
2023-12-12 01:00:51,589 - INFO - New chapters for 'Overgeared': 0 -> 209
2023-12-12 01:00:56,668 - INFO - New chapters for 'Reincarnation of the Suicidal Battle God': 0 -> 99
2023-12-12 01:01:02,426 - INFO - New chapters for 'Return of the Legendary Spear Knight': 0 -> 117
2023-12-12 01:01:06,185 - INFO - New chapters for 'Return to Player': 0 -> 150
2023-12-12 01:01:10,099 - INFO - New chapters for 'Seoul Station Druid': 0 -> 108
2023-12-12 01:01:14,596 - INFO - New chapters for 'Seoul Station’s Necromancer': 0 -> 112
2023-12-12 01:01:20,803 - INFO - New chapters for 'Sleeping Ranker': 0 -> 99
2023-12-12 01:01:24,391 - INFO - New chapters for 'Solo Max-Level Newbie': 0 -> 130
2023-12-12 01:01:28,139 - INFO - New chapters for 'Spirit Farmer': 0 -> 151
2023-12-12 01:01:31,761 - INFO - New chapters for 'Swordmaster’s Youngest Son': 0 -> 100
2023-12-12 01:01:40,592 - INFO - New chapters for 'The Game That I Came From': 0 -> 234
2023-12-12 01:01:43,729 - INFO - New chapters for 'Necromancer Survival': 0 -> 79
2023-12-12 01:01:46,937 - INFO - New chapters for 'The Heavenly Demon Can’t Live a Normal Life': 0 -> 98
2023-12-12 01:01:50,278 - INFO - New chapters for 'The Player Hides His Past': 0 -> 32
2023-12-12 01:01:53,927 - INFO - New chapters for 'The Reincarnated Assassin is a Genius Swordsman': 0 -> 30
2023-12-12 01:01:57,530 - INFO - New chapters for 'The World After The Fall': 0 -> 103
2023-12-12 01:02:01,183 - INFO - New chapters for 'Villain to Kill': 0 -> 124
2023-12-12 01:02:04,515 - INFO - New chapters for 'Academy’s Genius Swordmaster': 0 -> 26
2023-12-12 01:02:12,664 - INFO - New chapters for 'Chronicles of the Demon Faction': 0 -> 46
2023-12-12 01:02:19,796 - INFO - New chapters for 'Cultivating the supreme dantian': 0 -> 277
2023-12-12 01:02:25,811 - INFO - New chapters for 'Evolution From a Tree': 0 -> 145
2023-12-12 01:02:38,009 - INFO - New chapters for 'F-Class Destiny Hunter': 0 -> 51
2023-12-12 01:02:57,002 - INFO - New chapters for 'Global Mayhem: awakening SSS-Class talent at the start!': 0 -> 80
2023-12-12 01:03:03,295 - INFO - New chapters for 'Golden Mage': 0 -> 40
2023-12-12 01:03:10,675 - INFO - New chapters for 'Grandson of the Holy Emperor is a Necromancer': 0 -> 22
2023-12-12 01:03:18,082 - INFO - New chapters for 'I Level Up By Absorbing Everything': 0 -> 26
2023-12-12 01:03:27,432 - INFO - New chapters for 'I Picked A Hammer To Save The World': 0 -> 57
2023-12-12 01:03:35,769 - INFO - New chapters for 'I’m Really Scared!': 0 -> 39
2023-12-12 01:03:43,072 - INFO - New chapters for 'Insanely-Talented Player': 0 -> 20
2023-12-12 01:03:49,669 - INFO - New chapters for 'Legendary Blacksmith’s Vengeance': 0 -> 34
2023-12-12 01:03:55,757 - INFO - New chapters for 'Logging 10,000 Years into the Future': 0 -> 77
2023-12-12 01:04:01,768 - INFO - New chapters for 'My Dragon System': 0 -> 53
2023-12-12 01:04:07,805 - INFO - New chapters for 'My Lucky Encounter From The Game Turned Into Reality': 0 -> 32
2023-12-12 01:04:16,962 - INFO - New chapters for 'Reborn Ranker – Gravity User (Manga)': 0 -> 59
2023-12-12 01:04:22,688 - INFO - New chapters for 'Records of the Demonic Path’s Return': 0 -> 26
2023-12-12 01:04:32,337 - INFO - New chapters for 'Returned as a Martial Genius': 0 -> 28
2023-12-12 01:04:39,743 - INFO - New chapters for 'Steel-Eating Player': 0 -> 19
2023-12-12 01:04:45,264 - INFO - New chapters for 'Sword Demon Island': 0 -> 60
2023-12-12 01:04:51,289 - INFO - New chapters for 'Tempest Tyrant': 0 -> 30
2023-12-12 01:04:58,892 - INFO - New chapters for 'The Constellations Are My Disciples': 0 -> 46
2023-12-12 01:05:04,994 - INFO - New chapters for 'The Max-Level Player’s 100th Regression': 0 -> 30
2023-12-12 01:05:11,121 - INFO - New chapters for 'The Return Of Apocalypses Tyrant': 0 -> 25
2023-12-12 01:05:17,323 - INFO - New chapters for 'The Return of the Prodigious Swordmaster': 0 -> 40.5
2023-12-12 01:05:22,929 - INFO - New chapters for 'The Son Of The First Emperor Kills Enemies And Becomes A God': 0 -> 75
2023-12-12 01:05:29,139 - INFO - New chapters for 'This Martial Saint Is Way Too Generous': 0 -> 27
2023-12-12 01:05:34,658 - INFO - New chapters for 'When The System Opens After The Age Of 100 , All Grandchildren Kneel Upon The Mountains!': 0 -> 36
2023-12-12 01:05:42,461 - INFO - New chapters for 'Apotheosis': 0 -> 1144
2023-12-12 01:05:49,956 - INFO - New chapters for 'Magic Emperor': 0 -> 480
2023-12-12 01:05:58,724 - INFO - New chapters for 'Martial Peak': 0 -> 3635
2023-12-12 01:08:21,607 - INFO - New chapters for 'Tales Of Demons And Gods': 0 -> 456.1
2023-12-12 01:08:30,961 - INFO - New chapters for 'Yuan Zun': 0 -> 556.5
2023-12-12 01:08:34,351 - INFO - New chapters for 'The Player that can’t Level Up': 0 -> 128
2023-12-12 01:08:39,587 - INFO - Inserting manga: Invincible at the Start
2023-12-12 01:08:39,588 - INFO - No matching document found in MongoDB for 'Invincible at the Start'
2023-12-12 01:08:39,588 - INFO - New document inserted for 'Invincible at the Start'
2023-12-12 01:08:39,588 - INFO - Inserting manga: Reaper of the Drifting Moon
2023-12-12 01:08:39,588 - INFO - No matching document found in MongoDB for 'Reaper of the Drifting Moon'
2023-12-12 01:08:39,588 - INFO - New document inserted for 'Reaper of the Drifting Moon'
2023-12-12 01:08:39,588 - INFO - Inserting manga: Weapon Maker
2023-12-12 01:08:39,589 - INFO - No matching document found in MongoDB for 'Weapon Maker'
2023-12-12 01:08:39,589 - INFO - New document inserted for 'Weapon Maker'
2023-12-12 01:08:39,589 - INFO - Inserting manga: Nano Machine
2023-12-12 01:08:39,589 - INFO - No matching document found in MongoDB for 'Nano Machine'
2023-12-12 01:08:39,589 - INFO - New document inserted for 'Nano Machine'
2023-12-12 01:08:39,589 - INFO - Inserting manga: Keep A Low Profile, Sect Leader
2023-12-12 01:08:39,590 - INFO - No matching document found in MongoDB for 'Keep A Low Profile, Sect Leader'
2023-12-12 01:08:39,590 - INFO - New document inserted for 'Keep A Low Profile, Sect Leader'
2023-12-12 01:08:39,590 - INFO - Inserting manga: Return of the Flowery Mountain Sect
2023-12-12 01:08:39,590 - INFO - No matching document found in MongoDB for 'Return of the Flowery Mountain Sect'
2023-12-12 01:08:39,590 - INFO - New document inserted for 'Return of the Flowery Mountain Sect'
2023-12-12 01:08:39,590 - INFO - Inserting manga: Omniscient Reader’s Viewpoint
2023-12-12 01:08:39,591 - INFO - No matching document found in MongoDB for 'Omniscient Reader’s Viewpoint'
2023-12-12 01:08:39,591 - INFO - New document inserted for 'Omniscient Reader’s Viewpoint'
2023-12-12 01:08:39,591 - INFO - Inserting manga: Foreigner on the Periphery (Remake)
2023-12-12 01:08:39,591 - INFO - No matching document found in MongoDB for 'Foreigner on the Periphery (Remake)'
2023-12-12 01:08:39,591 - INFO - New document inserted for 'Foreigner on the Periphery (Remake)'
2023-12-12 01:08:39,591 - INFO - Inserting manga: The Max Level Hero has Returned!
2023-12-12 01:08:39,592 - INFO - No matching document found in MongoDB for 'The Max Level Hero has Returned!'
2023-12-12 01:08:39,592 - INFO - New document inserted for 'The Max Level Hero has Returned!'
2023-12-12 01:08:39,592 - INFO - Inserting manga: To Hell With Being A Saint I’m A Doctor
2023-12-12 01:08:39,592 - INFO - No matching document found in MongoDB for 'To Hell With Being A Saint I’m A Doctor'
2023-12-12 01:08:39,592 - INFO - New document inserted for 'To Hell With Being A Saint I’m A Doctor'
2023-12-12 01:08:39,592 - INFO - Inserting manga: Leveling With The Gods
2023-12-12 01:08:39,593 - INFO - No matching document found in MongoDB for 'Leveling With The Gods'
2023-12-12 01:08:39,593 - INFO - New document inserted for 'Leveling With The Gods'
2023-12-12 01:08:39,593 - INFO - Inserting manga: The Dark Mage’s Return to Enlistment
2023-12-12 01:08:39,593 - INFO - No matching document found in MongoDB for 'The Dark Mage’s Return to Enlistment'
2023-12-12 01:08:39,593 - INFO - New document inserted for 'The Dark Mage’s Return to Enlistment'
2023-12-12 01:08:39,593 - INFO - Inserting manga: The S-Classes That I Raised
2023-12-12 01:08:39,593 - INFO - No matching document found in MongoDB for 'The S-Classes That I Raised'
2023-12-12 01:08:39,594 - INFO - New document inserted for 'The S-Classes That I Raised'
2023-12-12 01:08:39,594 - INFO - Inserting manga: Silver Demon King
2023-12-12 01:08:39,594 - INFO - No matching document found in MongoDB for 'Silver Demon King'
2023-12-12 01:08:39,594 - INFO - New document inserted for 'Silver Demon King'
2023-12-12 01:08:39,594 - INFO - Inserting manga: I Became A Part Time Employee For Gods
2023-12-12 01:08:39,594 - INFO - No matching document found in MongoDB for 'I Became A Part Time Employee For Gods'
2023-12-12 01:08:39,595 - INFO - New document inserted for 'I Became A Part Time Employee For Gods'
2023-12-12 01:08:39,595 - INFO - Inserting manga: The Count’s Youngest Son is A Player
2023-12-12 01:08:39,595 - INFO - No matching document found in MongoDB for 'The Count’s Youngest Son is A Player'
2023-12-12 01:08:39,595 - INFO - New document inserted for 'The Count’s Youngest Son is A Player'
2023-12-12 01:08:39,595 - INFO - Inserting manga: The Novel’s Extra (Remake)
2023-12-12 01:08:39,595 - INFO - No matching document found in MongoDB for 'The Novel’s Extra (Remake)'
2023-12-12 01:08:39,596 - INFO - New document inserted for 'The Novel’s Extra (Remake)'
2023-12-12 01:08:39,596 - INFO - Inserting manga: Martial God Regressed to Level 2
2023-12-12 01:08:39,596 - INFO - No matching document found in MongoDB for 'Martial God Regressed to Level 2'
2023-12-12 01:08:39,596 - INFO - New document inserted for 'Martial God Regressed to Level 2'
2023-12-12 01:08:39,596 - INFO - Inserting manga: Astral Pet Store
2023-12-12 01:08:39,596 - INFO - No matching document found in MongoDB for 'Astral Pet Store'
2023-12-12 01:08:39,597 - INFO - New document inserted for 'Astral Pet Store'
2023-12-12 01:08:39,597 - INFO - Inserting manga: Boundless Necromancer
2023-12-12 01:08:39,597 - INFO - No matching document found in MongoDB for 'Boundless Necromancer'
2023-12-12 01:08:39,597 - INFO - New document inserted for 'Boundless Necromancer'
2023-12-12 01:08:39,597 - INFO - Inserting manga: Disastrous Necromancer
2023-12-12 01:08:39,597 - INFO - No matching document found in MongoDB for 'Disastrous Necromancer'
2023-12-12 01:08:39,597 - INFO - New document inserted for 'Disastrous Necromancer'
2023-12-12 01:08:39,598 - INFO - Inserting manga: Gods’ Gambit
2023-12-12 01:08:39,598 - INFO - No matching document found in MongoDB for 'Gods’ Gambit'
2023-12-12 01:08:39,598 - INFO - New document inserted for 'Gods’ Gambit'
2023-12-12 01:08:39,598 - INFO - Inserting manga: I Became a Renowned Family’s Sword Prodigy
2023-12-12 01:08:39,598 - INFO - No matching document found in MongoDB for 'I Became a Renowned Family’s Sword Prodigy'
2023-12-12 01:08:39,598 - INFO - New document inserted for 'I Became a Renowned Family’s Sword Prodigy'
2023-12-12 01:08:39,599 - INFO - Inserting manga: I Obtained a Mythic Item
2023-12-12 01:08:39,599 - INFO - No matching document found in MongoDB for 'I Obtained a Mythic Item'
2023-12-12 01:08:39,599 - INFO - New document inserted for 'I Obtained a Mythic Item'
2023-12-12 01:08:39,599 - INFO - Inserting manga: Kill The Hero
2023-12-12 01:08:39,599 - INFO - No matching document found in MongoDB for 'Kill The Hero'
2023-12-12 01:08:39,600 - INFO - New document inserted for 'Kill The Hero'
2023-12-12 01:08:39,600 - INFO - Inserting manga: Overgeared
2023-12-12 01:08:39,600 - INFO - No matching document found in MongoDB for 'Overgeared'
2023-12-12 01:08:39,600 - INFO - New document inserted for 'Overgeared'
2023-12-12 01:08:39,600 - INFO - Inserting manga: Reincarnation of the Suicidal Battle God
2023-12-12 01:08:39,600 - INFO - No matching document found in MongoDB for 'Reincarnation of the Suicidal Battle God'
2023-12-12 01:08:39,601 - INFO - New document inserted for 'Reincarnation of the Suicidal Battle God'
2023-12-12 01:08:39,601 - INFO - Inserting manga: Return of the Legendary Spear Knight
2023-12-12 01:08:39,601 - INFO - No matching document found in MongoDB for 'Return of the Legendary Spear Knight'
2023-12-12 01:08:39,601 - INFO - New document inserted for 'Return of the Legendary Spear Knight'
2023-12-12 01:08:39,601 - INFO - Inserting manga: Return to Player
2023-12-12 01:08:39,601 - INFO - No matching document found in MongoDB for 'Return to Player'
2023-12-12 01:08:39,601 - INFO - New document inserted for 'Return to Player'
2023-12-12 01:08:39,602 - INFO - Inserting manga: Seoul Station Druid
2023-12-12 01:08:39,602 - INFO - No matching document found in MongoDB for 'Seoul Station Druid'
2023-12-12 01:08:39,602 - INFO - New document inserted for 'Seoul Station Druid'
2023-12-12 01:08:39,602 - INFO - Inserting manga: Seoul Station’s Necromancer
2023-12-12 01:08:39,602 - INFO - No matching document found in MongoDB for 'Seoul Station’s Necromancer'
2023-12-12 01:08:39,602 - INFO - New document inserted for 'Seoul Station’s Necromancer'
2023-12-12 01:08:39,603 - INFO - Inserting manga: Sleeping Ranker
2023-12-12 01:08:39,603 - INFO - No matching document found in MongoDB for 'Sleeping Ranker'
2023-12-12 01:08:39,603 - INFO - New document inserted for 'Sleeping Ranker'
2023-12-12 01:08:39,603 - INFO - Inserting manga: Solo Max-Level Newbie
2023-12-12 01:08:39,604 - INFO - No matching document found in MongoDB for 'Solo Max-Level Newbie'
2023-12-12 01:08:39,604 - INFO - New document inserted for 'Solo Max-Level Newbie'
2023-12-12 01:08:39,604 - INFO - Inserting manga: Spirit Farmer
2023-12-12 01:08:39,604 - INFO - No matching document found in MongoDB for 'Spirit Farmer'
2023-12-12 01:08:39,604 - INFO - New document inserted for 'Spirit Farmer'
2023-12-12 01:08:39,605 - INFO - Inserting manga: Swordmaster’s Youngest Son
2023-12-12 01:08:39,605 - INFO - No matching document found in MongoDB for 'Swordmaster’s Youngest Son'
2023-12-12 01:08:39,605 - INFO - New document inserted for 'Swordmaster’s Youngest Son'
2023-12-12 01:08:39,605 - INFO - Inserting manga: The Game That I Came From
2023-12-12 01:08:39,605 - INFO - No matching document found in MongoDB for 'The Game That I Came From'
2023-12-12 01:08:39,605 - INFO - New document inserted for 'The Game That I Came From'
2023-12-12 01:08:39,606 - INFO - Inserting manga: Necromancer Survival
2023-12-12 01:08:39,606 - INFO - No matching document found in MongoDB for 'Necromancer Survival'
2023-12-12 01:08:39,606 - INFO - New document inserted for 'Necromancer Survival'
2023-12-12 01:08:39,606 - INFO - Inserting manga: The Heavenly Demon Can’t Live a Normal Life
2023-12-12 01:08:39,606 - INFO - No matching document found in MongoDB for 'The Heavenly Demon Can’t Live a Normal Life'
2023-12-12 01:08:39,606 - INFO - New document inserted for 'The Heavenly Demon Can’t Live a Normal Life'
2023-12-12 01:08:39,606 - INFO - Inserting manga: The Player Hides His Past
2023-12-12 01:08:39,607 - INFO - No matching document found in MongoDB for 'The Player Hides His Past'
2023-12-12 01:08:39,607 - INFO - New document inserted for 'The Player Hides His Past'
2023-12-12 01:08:39,607 - INFO - Inserting manga: The Reincarnated Assassin is a Genius Swordsman
2023-12-12 01:08:39,607 - INFO - No matching document found in MongoDB for 'The Reincarnated Assassin is a Genius Swordsman'
2023-12-12 01:08:39,607 - INFO - New document inserted for 'The Reincarnated Assassin is a Genius Swordsman'
2023-12-12 01:08:39,607 - INFO - Inserting manga: The World After The Fall
2023-12-12 01:08:39,608 - INFO - No matching document found in MongoDB for 'The World After The Fall'
2023-12-12 01:08:39,608 - INFO - New document inserted for 'The World After The Fall'
2023-12-12 01:08:39,608 - INFO - Inserting manga: Villain to Kill
2023-12-12 01:08:39,608 - INFO - No matching document found in MongoDB for 'Villain to Kill'
2023-12-12 01:08:39,608 - INFO - New document inserted for 'Villain to Kill'
2023-12-12 01:08:39,608 - INFO - Inserting manga: Academy’s Genius Swordmaster
2023-12-12 01:08:39,609 - INFO - No matching document found in MongoDB for 'Academy’s Genius Swordmaster'
2023-12-12 01:08:39,609 - INFO - New document inserted for 'Academy’s Genius Swordmaster'
2023-12-12 01:08:39,609 - INFO - Inserting manga: Chronicles of the Demon Faction
2023-12-12 01:08:39,609 - INFO - No matching document found in MongoDB for 'Chronicles of the Demon Faction'
2023-12-12 01:08:39,609 - INFO - New document inserted for 'Chronicles of the Demon Faction'
2023-12-12 01:08:39,609 - INFO - Inserting manga: Cultivating the supreme dantian
2023-12-12 01:08:39,610 - INFO - No matching document found in MongoDB for 'Cultivating the supreme dantian'
2023-12-12 01:08:39,610 - INFO - New document inserted for 'Cultivating the supreme dantian'
2023-12-12 01:08:39,610 - INFO - Inserting manga: Evolution From a Tree
2023-12-12 01:08:39,610 - INFO - No matching document found in MongoDB for 'Evolution From a Tree'
2023-12-12 01:08:39,610 - INFO - New document inserted for 'Evolution From a Tree'
2023-12-12 01:08:39,610 - INFO - Inserting manga: F-Class Destiny Hunter
2023-12-12 01:08:39,611 - INFO - No matching document found in MongoDB for 'F-Class Destiny Hunter'
2023-12-12 01:08:39,611 - INFO - New document inserted for 'F-Class Destiny Hunter'
2023-12-12 01:08:39,611 - INFO - Inserting manga: Global Mayhem: awakening SSS-Class talent at the start!
2023-12-12 01:08:39,611 - INFO - No matching document found in MongoDB for 'Global Mayhem: awakening SSS-Class talent at the start!'
2023-12-12 01:08:39,611 - INFO - New document inserted for 'Global Mayhem: awakening SSS-Class talent at the start!'
2023-12-12 01:08:39,611 - INFO - Inserting manga: Golden Mage
2023-12-12 01:08:39,612 - INFO - No matching document found in MongoDB for 'Golden Mage'
2023-12-12 01:08:39,612 - INFO - New document inserted for 'Golden Mage'
2023-12-12 01:08:39,612 - INFO - Inserting manga: Grandson of the Holy Emperor is a Necromancer
2023-12-12 01:08:39,612 - INFO - No matching document found in MongoDB for 'Grandson of the Holy Emperor is a Necromancer'
2023-12-12 01:08:39,612 - INFO - New document inserted for 'Grandson of the Holy Emperor is a Necromancer'
2023-12-12 01:08:39,612 - INFO - Inserting manga: I Level Up By Absorbing Everything
2023-12-12 01:08:39,612 - INFO - No matching document found in MongoDB for 'I Level Up By Absorbing Everything'
2023-12-12 01:08:39,613 - INFO - New document inserted for 'I Level Up By Absorbing Everything'
2023-12-12 01:08:39,613 - INFO - Inserting manga: I Picked A Hammer To Save The World
2023-12-12 01:08:39,613 - INFO - No matching document found in MongoDB for 'I Picked A Hammer To Save The World'
2023-12-12 01:08:39,613 - INFO - New document inserted for 'I Picked A Hammer To Save The World'
2023-12-12 01:08:39,613 - INFO - Inserting manga: I’m Really Scared!
2023-12-12 01:08:39,613 - INFO - No matching document found in MongoDB for 'I’m Really Scared!'
2023-12-12 01:08:39,614 - INFO - New document inserted for 'I’m Really Scared!'
2023-12-12 01:08:39,614 - INFO - Inserting manga: Insanely-Talented Player
2023-12-12 01:08:39,614 - INFO - No matching document found in MongoDB for 'Insanely-Talented Player'
2023-12-12 01:08:39,614 - INFO - New document inserted for 'Insanely-Talented Player'
2023-12-12 01:08:39,614 - INFO - Inserting manga: Legendary Blacksmith’s Vengeance
2023-12-12 01:08:39,614 - INFO - No matching document found in MongoDB for 'Legendary Blacksmith’s Vengeance'
2023-12-12 01:08:39,614 - INFO - New document inserted for 'Legendary Blacksmith’s Vengeance'
2023-12-12 01:08:39,614 - INFO - Inserting manga: Logging 10,000 Years into the Future
2023-12-12 01:08:39,614 - INFO - No matching document found in MongoDB for 'Logging 10,000 Years into the Future'
2023-12-12 01:08:39,615 - INFO - New document inserted for 'Logging 10,000 Years into the Future'
2023-12-12 01:08:39,615 - INFO - Inserting manga: My Dragon System
2023-12-12 01:08:39,615 - INFO - No matching document found in MongoDB for 'My Dragon System'
2023-12-12 01:08:39,615 - INFO - New document inserted for 'My Dragon System'
2023-12-12 01:08:39,615 - INFO - Inserting manga: My Lucky Encounter From The Game Turned Into Reality
2023-12-12 01:08:39,615 - INFO - No matching document found in MongoDB for 'My Lucky Encounter From The Game Turned Into Reality'
2023-12-12 01:08:39,615 - INFO - New document inserted for 'My Lucky Encounter From The Game Turned Into Reality'
2023-12-12 01:08:39,615 - INFO - Inserting manga: Reborn Ranker – Gravity User (Manga)
2023-12-12 01:08:39,615 - INFO - No matching document found in MongoDB for 'Reborn Ranker – Gravity User (Manga)'
2023-12-12 01:08:39,615 - INFO - New document inserted for 'Reborn Ranker – Gravity User (Manga)'
2023-12-12 01:08:39,616 - INFO - Inserting manga: Records of the Demonic Path’s Return
2023-12-12 01:08:39,616 - INFO - No matching document found in MongoDB for 'Records of the Demonic Path’s Return'
2023-12-12 01:08:39,616 - INFO - New document inserted for 'Records of the Demonic Path’s Return'
2023-12-12 01:08:39,616 - INFO - Inserting manga: Returned as a Martial Genius
2023-12-12 01:08:39,616 - INFO - No matching document found in MongoDB for 'Returned as a Martial Genius'
2023-12-12 01:08:39,616 - INFO - New document inserted for 'Returned as a Martial Genius'
2023-12-12 01:08:39,616 - INFO - Inserting manga: Steel-Eating Player
2023-12-12 01:08:39,616 - INFO - No matching document found in MongoDB for 'Steel-Eating Player'
2023-12-12 01:08:39,617 - INFO - New document inserted for 'Steel-Eating Player'
2023-12-12 01:08:39,617 - INFO - Inserting manga: Sword Demon Island
2023-12-12 01:08:39,617 - INFO - No matching document found in MongoDB for 'Sword Demon Island'
2023-12-12 01:08:39,617 - INFO - New document inserted for 'Sword Demon Island'
2023-12-12 01:08:39,617 - INFO - Inserting manga: Tempest Tyrant
2023-12-12 01:08:39,617 - INFO - No matching document found in MongoDB for 'Tempest Tyrant'
2023-12-12 01:08:39,617 - INFO - New document inserted for 'Tempest Tyrant'
2023-12-12 01:08:39,617 - INFO - Inserting manga: The Constellations Are My Disciples
2023-12-12 01:08:39,617 - INFO - No matching document found in MongoDB for 'The Constellations Are My Disciples'
2023-12-12 01:08:39,617 - INFO - New document inserted for 'The Constellations Are My Disciples'
2023-12-12 01:08:39,618 - INFO - Inserting manga: The Max-Level Player’s 100th Regression
2023-12-12 01:08:39,618 - INFO - No matching document found in MongoDB for 'The Max-Level Player’s 100th Regression'
2023-12-12 01:08:39,618 - INFO - New document inserted for 'The Max-Level Player’s 100th Regression'
2023-12-12 01:08:39,618 - INFO - Inserting manga: The Return Of Apocalypses Tyrant
2023-12-12 01:08:39,618 - INFO - No matching document found in MongoDB for 'The Return Of Apocalypses Tyrant'
2023-12-12 01:08:39,618 - INFO - New document inserted for 'The Return Of Apocalypses Tyrant'
2023-12-12 01:08:39,618 - INFO - Inserting manga: The Return of the Prodigious Swordmaster
2023-12-12 01:08:39,618 - INFO - No matching document found in MongoDB for 'The Return of the Prodigious Swordmaster'
2023-12-12 01:08:39,618 - INFO - New document inserted for 'The Return of the Prodigious Swordmaster'
2023-12-12 01:08:39,618 - INFO - Inserting manga: The Son Of The First Emperor Kills Enemies And Becomes A God
2023-12-12 01:08:39,618 - INFO - No matching document found in MongoDB for 'The Son Of The First Emperor Kills Enemies And Becomes A God'
2023-12-12 01:08:39,619 - INFO - New document inserted for 'The Son Of The First Emperor Kills Enemies And Becomes A God'
2023-12-12 01:08:39,619 - INFO - Inserting manga: This Martial Saint Is Way Too Generous
2023-12-12 01:08:39,619 - INFO - No matching document found in MongoDB for 'This Martial Saint Is Way Too Generous'
2023-12-12 01:08:39,619 - INFO - New document inserted for 'This Martial Saint Is Way Too Generous'
2023-12-12 01:08:39,619 - INFO - Inserting manga: When The System Opens After The Age Of 100 , All Grandchildren Kneel Upon The Mountains!
2023-12-12 01:08:39,619 - INFO - No matching document found in MongoDB for 'When The System Opens After The Age Of 100 , All Grandchildren Kneel Upon The Mountains!'
2023-12-12 01:08:39,619 - INFO - New document inserted for 'When The System Opens After The Age Of 100 , All Grandchildren Kneel Upon The Mountains!'
2023-12-12 01:08:39,619 - INFO - Inserting manga: Apotheosis
2023-12-12 01:08:39,619 - INFO - No matching document found in MongoDB for 'Apotheosis'
2023-12-12 01:08:39,619 - INFO - New document inserted for 'Apotheosis'
2023-12-12 01:08:39,619 - INFO - Inserting manga: Magic Emperor
2023-12-12 01:08:39,620 - INFO - No matching document found in MongoDB for 'Magic Emperor'
2023-12-12 01:08:39,620 - INFO - New document inserted for 'Magic Emperor'
2023-12-12 01:08:39,620 - INFO - Inserting manga: Martial Peak
2023-12-12 01:08:39,620 - INFO - No matching document found in MongoDB for 'Martial Peak'
2023-12-12 01:08:39,620 - INFO - New document inserted for 'Martial Peak'
2023-12-12 01:08:39,620 - INFO - Inserting manga: Tales Of Demons And Gods
2023-12-12 01:08:39,620 - INFO - No matching document found in MongoDB for 'Tales Of Demons And Gods'
2023-12-12 01:08:39,620 - INFO - New document inserted for 'Tales Of Demons And Gods'
2023-12-12 01:08:39,620 - INFO - Inserting manga: Yuan Zun
2023-12-12 01:08:39,620 - INFO - No matching document found in MongoDB for 'Yuan Zun'
2023-12-12 01:08:39,620 - INFO - New document inserted for 'Yuan Zun'
2023-12-12 01:08:39,620 - INFO - Inserting manga: The Player that can’t Level Up
2023-12-12 01:08:39,620 - INFO - No matching document found in MongoDB for 'The Player that can’t Level Up'
2023-12-12 01:08:39,621 - INFO - New document inserted for 'The Player that can’t Level Up'
