2023-12-25 16:11:52,712 - INFO - New chapters for 'Invincible at the Start': 0 -> 112
2023-12-25 16:11:56,221 - INFO - New chapters for 'Reaper of the Drifting Moon': 0 -> 67
2023-12-25 16:12:00,108 - INFO - New chapters for 'Weapon Maker': 0 -> 23
2023-12-25 16:12:04,364 - INFO - New chapters for 'Nano Machine': 0 -> 185
2023-12-25 16:12:07,673 - INFO - New chapters for 'Keep A Low Profile, Sect Leader': 0 -> 301
2023-12-25 16:12:10,983 - INFO - New chapters for 'Return of the Flowery Mountain Sect': 0 -> 103
2023-12-25 16:12:15,525 - INFO - New chapters for 'Omniscient Reader’s Viewpoint': 0 -> 189
2023-12-25 16:12:18,788 - INFO - New chapters for 'Foreigner on the Periphery (Remake)': 0 -> 26
2023-12-25 16:12:22,175 - INFO - New chapters for 'The Max Level Hero has Returned!': 0 -> 147
2023-12-25 16:12:25,429 - INFO - New chapters for 'To Hell With Being A Saint I’m A Doctor': 0 -> 79
2023-12-25 16:12:28,710 - INFO - New chapters for 'Leveling With The Gods': 0 -> 100
2023-12-25 16:12:32,274 - INFO - New chapters for 'The S-Classes That I Raised': 0 -> 115
2023-12-25 16:12:35,759 - INFO - New chapters for 'Silver Demon King': 0 -> 114
2023-12-25 16:12:38,869 - INFO - New chapters for 'I Became A Part Time Employee For Gods': 0 -> 45
2023-12-25 16:12:41,900 - INFO - New chapters for 'The Count’s Youngest Son is A Player': 0 -> 29
2023-12-25 16:12:45,310 - INFO - New chapters for 'The Novel’s Extra (Remake)': 0 -> 88
2023-12-25 16:12:48,530 - INFO - New chapters for 'Martial God Regressed to Level 2': 0 -> 40
2023-12-25 16:12:51,663 - INFO - New chapters for 'Astral Pet Store': 0 -> 131
2023-12-25 16:12:58,421 - INFO - New chapters for 'Disastrous Necromancer': 0 -> 47
2023-12-25 16:13:04,597 - INFO - New chapters for 'Gods’ Gambit': 0 -> 22
2023-12-25 16:13:11,036 - INFO - New chapters for 'I Became a Renowned Family’s Sword Prodigy': 0 -> 92
2023-12-25 16:13:15,121 - INFO - New chapters for 'I Obtained a Mythic Item': 0 -> 86
2023-12-25 16:13:18,638 - INFO - New chapters for 'Kill The Hero': 0 -> 150
2023-12-25 16:13:23,195 - INFO - New chapters for 'Overgeared': 0 -> 209
2023-12-25 16:13:27,233 - INFO - New chapters for 'Reincarnation of the Suicidal Battle God': 0 -> 101.5
2023-12-25 16:13:30,526 - INFO - New chapters for 'Return of the Legendary Spear Knight': 0 -> 119
2023-12-25 16:13:33,271 - INFO - New chapters for 'Return to Player': 0 -> 150
2023-12-25 16:13:36,477 - INFO - New chapters for 'Seoul Station Druid': 0 -> 116
2023-12-25 16:13:39,709 - INFO - New chapters for 'Seoul Station’s Necromancer': 0 -> 113
2023-12-25 16:13:48,715 - INFO - New chapters for 'Sleeping Ranker': 0 -> 100
2023-12-25 16:13:51,814 - INFO - New chapters for 'Solo Max-Level Newbie': 0 -> 132
2023-12-25 16:13:54,914 - INFO - New chapters for 'Spirit Farmer': 0 -> 154
2023-12-25 16:13:58,233 - INFO - New chapters for 'Swordmaster’s Youngest Son': 0 -> 100
2023-12-25 16:14:03,727 - INFO - New chapters for 'The Game That I Came From': 0 -> 238
2023-12-25 16:14:07,399 - INFO - New chapters for 'Necromancer Survival': 0 -> 79
2023-12-25 16:14:15,510 - INFO - New chapters for 'The Heavenly Demon Can’t Live a Normal Life': 0 -> 100
2023-12-25 16:14:18,667 - INFO - New chapters for 'The Player Hides His Past': 0 -> 34
2023-12-25 16:14:21,597 - INFO - New chapters for 'The Reincarnated Assassin is a Genius Swordsman': 0 -> 31
2023-12-25 16:14:24,999 - INFO - New chapters for 'The World After The Fall': 0 -> 106
2023-12-25 16:14:28,481 - INFO - New chapters for 'Villain to Kill': 0 -> 128
2023-12-25 16:14:31,640 - INFO - New chapters for 'Academy’s Genius Swordmaster': 0 -> 28
2023-12-25 16:14:36,032 - INFO - New chapters for 'Chronicles of the Demon Faction': 0 -> 47
2023-12-25 16:14:40,169 - INFO - New chapters for 'Cultivating the supreme dantian': 0 -> 280
2023-12-25 16:14:45,051 - INFO - New chapters for 'Evolution From a Tree': 0 -> 151
2023-12-25 16:14:49,765 - INFO - New chapters for 'F-Class Destiny Hunter': 0 -> 53
2023-12-25 16:14:54,030 - INFO - New chapters for 'Global Mayhem: awakening SSS-Class talent at the start!': 0 -> 80
2023-12-25 16:14:58,698 - INFO - New chapters for 'Golden Mage': 0 -> 40
2023-12-25 16:15:08,726 - INFO - New chapters for 'Grandson of the Holy Emperor is a Necromancer': 0 -> 23
2023-12-25 16:15:13,065 - INFO - New chapters for 'I Level Up By Absorbing Everything': 0 -> 28
2023-12-25 16:15:17,872 - INFO - New chapters for 'I Picked A Hammer To Save The World': 0 -> 59
2023-12-25 16:15:22,302 - INFO - New chapters for 'I’m Really Scared!': 0 -> 39
2023-12-25 16:15:26,646 - INFO - New chapters for 'Insanely-Talented Player': 0 -> 22
2023-12-25 16:15:30,897 - INFO - New chapters for 'Legendary Blacksmith’s Vengeance': 0 -> 35
2023-12-25 16:15:35,350 - INFO - New chapters for 'Logging 10,000 Years into the Future': 0 -> 81
2023-12-25 16:15:39,464 - INFO - New chapters for 'My Dragon System': 0 -> 56
2023-12-25 16:15:43,884 - INFO - New chapters for 'My Lucky Encounter From The Game Turned Into Reality': 0 -> 33
2023-12-25 16:15:48,533 - INFO - New chapters for 'Reborn Ranker – Gravity User (Manga)': 0 -> 59
2023-12-25 16:15:52,648 - INFO - New chapters for 'Records of the Demonic Path’s Return': 0 -> 27
2023-12-25 16:15:56,768 - INFO - New chapters for 'Returned as a Martial Genius': 0 -> 28
2023-12-25 16:16:00,913 - INFO - New chapters for 'Steel-Eating Player': 0 -> 21
2023-12-25 16:16:05,014 - INFO - New chapters for 'Sword Demon Island': 0 -> 62
2023-12-25 16:16:09,057 - INFO - New chapters for 'Tempest Tyrant': 0 -> 32
2023-12-25 16:16:13,819 - INFO - New chapters for 'The Constellations Are My Disciples': 0 -> 49
2023-12-25 16:16:17,927 - INFO - New chapters for 'The Return Of Apocalypses Tyrant': 0 -> 27
2023-12-25 16:16:22,189 - INFO - New chapters for 'The Son Of The First Emperor Kills Enemies And Becomes A God': 0 -> 85
2023-12-25 16:16:29,035 - INFO - New chapters for 'Apotheosis': 0 -> 1148
2023-12-25 16:16:35,256 - INFO - New chapters for 'Magic Emperor': 0 -> 486
2023-12-25 16:16:45,156 - INFO - New chapters for 'Martial Peak': 0 -> 3647
2023-12-25 16:16:51,339 - INFO - New chapters for 'Tales Of Demons And Gods': 0 -> 458.1
2023-12-25 16:16:58,045 - INFO - New chapters for 'Yuan Zun': 0 -> 560
2023-12-25 16:17:02,090 - INFO - New chapters for 'The Player that can’t Level Up': 0 -> 130
2023-12-25 16:17:05,782 - INFO - New chapters for 'The Max-Level Player’s 100th Regression': 0 -> 32
2023-12-25 16:17:09,009 - INFO - New chapters for 'The Dark Mage’s Return to Enlistment': 0 -> 46
2023-12-25 16:17:12,363 - INFO - New chapters for 'The Iron-Blooded Necromancer Has Returned': 0 -> 30
2023-12-25 16:17:15,484 - INFO - New chapters for 'I Became The Youngest Prince in The Novel': 0 -> 21
