2023-12-25 16:33:41,450 - INFO - New chapters for 'Invincible at the Start': 0 -> 109
2023-12-25 16:33:44,672 - INFO - New chapters for 'Reaper of the Drifting Moon': 0 -> 64
2023-12-25 16:33:47,975 - INFO - New chapters for 'Weapon Maker': 0 -> 20
2023-12-25 16:33:51,307 - INFO - New chapters for 'Nano Machine': 0 -> 182
2023-12-25 16:33:54,600 - INFO - New chapters for 'Keep A Low Profile, Sect Leader': 0 -> 298
2023-12-25 16:33:57,758 - INFO - New chapters for 'Return of the Flowery Mountain Sect': 0 -> 100
2023-12-25 16:34:01,755 - INFO - New chapters for 'Omniscient Reader’s Viewpoint': 0 -> 186
2023-12-25 16:34:04,969 - INFO - New chapters for 'Foreigner on the Periphery (Remake)': 0 -> 23
2023-12-25 16:34:08,118 - INFO - New chapters for 'The Max Level Hero has Returned!': 0 -> 144
2023-12-25 16:34:11,435 - INFO - New chapters for 'To Hell With Being A Saint I’m A Doctor': 0 -> 75
2023-12-25 16:34:14,700 - INFO - New chapters for 'Leveling With The Gods': 0 -> 97
2023-12-25 16:34:18,109 - INFO - New chapters for 'The S-Classes That I Raised': 0 -> 112
2023-12-25 16:34:21,808 - INFO - New chapters for 'Silver Demon King': 0 -> 111
2023-12-25 16:34:25,262 - INFO - New chapters for 'I Became A Part Time Employee For Gods': 0 -> 42
2023-12-25 16:34:28,649 - INFO - New chapters for 'The Count’s Youngest Son is A Player': 0 -> 26
2023-12-25 16:34:31,847 - INFO - New chapters for 'The Novel’s Extra (Remake)': 0 -> 85
2023-12-25 16:34:35,099 - INFO - New chapters for 'Martial God Regressed to Level 2': 0 -> 37
2023-12-25 16:34:38,293 - INFO - New chapters for 'Astral Pet Store': 0 -> 128
2023-12-25 16:34:49,050 - INFO - New chapters for 'Disastrous Necromancer': 0 -> 44
2023-12-25 16:34:55,033 - INFO - New chapters for 'Gods’ Gambit': 0 -> 19
2023-12-25 16:35:00,243 - INFO - New chapters for 'I Became a Renowned Family’s Sword Prodigy': 0 -> 89
2023-12-25 16:35:08,380 - INFO - New chapters for 'Kill The Hero': 0 -> 147
2023-12-25 16:35:13,380 - INFO - New chapters for 'Overgeared': 0 -> 206
2023-12-25 16:35:16,502 - INFO - New chapters for 'Reincarnation of the Suicidal Battle God': 0 -> 99
2023-12-25 16:35:20,862 - INFO - New chapters for 'Return of the Legendary Spear Knight': 0 -> 116
2023-12-25 16:35:25,352 - INFO - New chapters for 'Return to Player': 0 -> 147
2023-12-25 16:35:28,604 - INFO - New chapters for 'Seoul Station Druid': 0 -> 113
2023-12-25 16:35:31,714 - INFO - New chapters for 'Seoul Station’s Necromancer': 0 -> 110
2023-12-25 16:35:37,185 - INFO - New chapters for 'Sleeping Ranker': 0 -> 97
2023-12-25 16:35:40,436 - INFO - New chapters for 'Solo Max-Level Newbie': 0 -> 129
2023-12-25 16:35:43,689 - INFO - New chapters for 'Spirit Farmer': 0 -> 151
2023-12-25 16:35:47,329 - INFO - New chapters for 'Swordmaster’s Youngest Son': 0 -> 97
2023-12-25 16:35:53,759 - INFO - New chapters for 'The Game That I Came From': 0 -> 235
2023-12-25 16:35:56,831 - INFO - New chapters for 'Necromancer Survival': 0 -> 76
2023-12-25 16:35:59,971 - INFO - New chapters for 'The Heavenly Demon Can’t Live a Normal Life': 0 -> 97
2023-12-25 16:36:03,451 - INFO - New chapters for 'The Player Hides His Past': 0 -> 31
2023-12-25 16:36:06,578 - INFO - New chapters for 'The Reincarnated Assassin is a Genius Swordsman': 0 -> 28
2023-12-25 16:36:09,886 - INFO - New chapters for 'The World After The Fall': 0 -> 103
2023-12-25 16:36:20,049 - INFO - New chapters for 'Villain to Kill': 0 -> 125
2023-12-25 16:36:23,253 - INFO - New chapters for 'Academy’s Genius Swordmaster': 0 -> 25
2023-12-25 16:36:27,688 - INFO - New chapters for 'Chronicles of the Demon Faction': 0 -> 44
2023-12-25 16:36:32,008 - INFO - New chapters for 'Cultivating the supreme dantian': 0 -> 277
2023-12-25 16:36:36,504 - INFO - New chapters for 'Evolution From a Tree': 0 -> 148
2023-12-25 16:36:40,660 - INFO - New chapters for 'F-Class Destiny Hunter': 0 -> 50
2023-12-25 16:36:44,956 - INFO - New chapters for 'Global Mayhem: awakening SSS-Class talent at the start!': 0 -> 77
2023-12-25 16:36:49,113 - INFO - New chapters for 'Golden Mage': 0 -> 37
2023-12-25 16:36:53,262 - INFO - New chapters for 'Grandson of the Holy Emperor is a Necromancer': 0 -> 20
2023-12-25 16:36:57,497 - INFO - New chapters for 'I Level Up By Absorbing Everything': 0 -> 25
2023-12-25 16:37:01,587 - INFO - New chapters for 'I Picked A Hammer To Save The World': 0 -> 56
2023-12-25 16:37:06,388 - INFO - New chapters for 'I’m Really Scared!': 0 -> 36
2023-12-25 16:37:16,406 - INFO - New chapters for 'Insanely-Talented Player': 0 -> 19
2023-12-25 16:37:20,918 - INFO - New chapters for 'Legendary Blacksmith’s Vengeance': 0 -> 32
2023-12-25 16:37:25,115 - INFO - New chapters for 'Logging 10,000 Years into the Future': 0 -> 78
2023-12-25 16:37:30,459 - INFO - New chapters for 'My Dragon System': 0 -> 53
2023-12-25 16:37:39,754 - INFO - New chapters for 'My Lucky Encounter From The Game Turned Into Reality': 0 -> 30
2023-12-25 16:37:44,003 - INFO - New chapters for 'Reborn Ranker – Gravity User (Manga)': 0 -> 56
2023-12-25 16:37:48,488 - INFO - New chapters for 'Records of the Demonic Path’s Return': 0 -> 24
2023-12-25 16:37:53,434 - INFO - New chapters for 'Returned as a Martial Genius': 0 -> 25
2023-12-25 16:37:57,533 - INFO - New chapters for 'Steel-Eating Player': 0 -> 18
2023-12-25 16:38:02,092 - INFO - New chapters for 'Sword Demon Island': 0 -> 59
2023-12-25 16:38:06,436 - INFO - New chapters for 'Tempest Tyrant': 0 -> 29
2023-12-25 16:38:10,946 - INFO - New chapters for 'The Constellations Are My Disciples': 0 -> 46
2023-12-25 16:38:15,178 - INFO - New chapters for 'The Return Of Apocalypses Tyrant': 0 -> 24
2023-12-25 16:38:25,496 - INFO - New chapters for 'The Son Of The First Emperor Kills Enemies And Becomes A God': 0 -> 82
2023-12-25 16:38:32,260 - INFO - New chapters for 'Apotheosis': 0 -> 1145
2023-12-25 16:38:38,833 - INFO - New chapters for 'Magic Emperor': 0 -> 483
2023-12-25 16:38:46,869 - INFO - New chapters for 'Martial Peak': 0 -> 3644
2023-12-25 16:38:53,148 - INFO - New chapters for 'Tales Of Demons And Gods': 0 -> 456.6
2023-12-25 16:38:59,444 - INFO - New chapters for 'Yuan Zun': 0 -> 558.5
2023-12-25 16:39:02,681 - INFO - New chapters for 'The Player that can’t Level Up': 0 -> 127
2023-12-25 16:39:05,792 - INFO - New chapters for 'The Max-Level Player’s 100th Regression': 0 -> 29
2023-12-25 16:39:08,942 - INFO - New chapters for 'The Dark Mage’s Return to Enlistment': 0 -> 43
2023-12-25 16:39:12,156 - INFO - New chapters for 'The Iron-Blooded Necromancer Has Returned': 0 -> 27
2023-12-25 16:39:15,199 - INFO - New chapters for 'I Became The Youngest Prince in The Novel': 0 -> 18
