2023-12-23 14:50:26,845 - INFO - Updated latest chapter in MongoDB for 'Invincible at the Start': 109 -> 110
2023-12-23 14:50:26,846 - INFO - No update needed for 'Reaper of the Drifting Moon' in MongoDB. Local: 66,MongoDB: 66
2023-12-23 14:50:26,846 - INFO - Updated latest chapter in MongoDB for 'Weapon Maker': 21 -> 22
2023-12-23 14:50:26,846 - INFO - Updated latest chapter in MongoDB for 'Nano Machine': 184 -> 185
2023-12-23 14:50:26,846 - INFO - Updated latest chapter in MongoDB for 'Keep A Low Profile, Sect Leader': 298 -> 301
2023-12-23 14:50:26,846 - INFO - Updated latest chapter in MongoDB for 'Return of the Flowery Mountain Sect': 102 -> 103
2023-12-23 14:50:26,847 - INFO - Updated latest chapter in MongoDB for 'Omniscient Reader’s Viewpoint': 188 -> 189
2023-12-23 14:50:26,847 - INFO - Updated latest chapter in MongoDB for 'Foreigner on the Periphery (Remake)': 25 -> 26
2023-12-23 14:50:26,847 - INFO - No update needed for 'The Max Level Hero has Returned!' in MongoDB. Local: 147,MongoDB: 147
2023-12-23 14:50:26,847 - INFO - Updated latest chapter in MongoDB for 'To Hell With Being A Saint I’m A Doctor': 76 -> 78
2023-12-23 14:50:26,847 - INFO - Updated latest chapter in MongoDB for 'Leveling With The Gods': 99 -> 100
2023-12-23 14:50:26,847 - INFO - Updated latest chapter in MongoDB for 'The Dark Mage’s Return to Enlistment': 44 -> 45
2023-12-23 14:50:26,847 - INFO - No update needed for 'The S-Classes That I Raised' in MongoDB. Local: 115,MongoDB: 115
2023-12-23 14:50:26,847 - INFO - Updated latest chapter in MongoDB for 'Silver Demon King': 113 -> 114
2023-12-23 14:50:26,847 - INFO - No update needed for 'I Became A Part Time Employee For Gods' in MongoDB. Local: 45,MongoDB: 45
2023-12-23 14:50:26,847 - INFO - Updated latest chapter in MongoDB for 'The Count’s Youngest Son is A Player': 28 -> 29
2023-12-23 14:50:26,847 - INFO - Updated latest chapter in MongoDB for 'The Novel’s Extra (Remake)': 87 -> 88
2023-12-23 14:50:26,847 - INFO - Updated latest chapter in MongoDB for 'Martial God Regressed to Level 2': 39 -> 40
2023-12-23 14:50:26,847 - INFO - Updated latest chapter in MongoDB for 'Astral Pet Store': 129 -> 130
2023-12-23 14:50:26,848 - INFO - Updated latest chapter in MongoDB for 'Disastrous Necromancer': 43 -> 45
2023-12-23 14:50:26,848 - INFO - No update needed for 'Gods’ Gambit' in MongoDB. Local: 21,MongoDB: 21
2023-12-23 14:50:26,848 - INFO - No update needed for 'I Became a Renowned Family’s Sword Prodigy' in MongoDB. Local: 91,MongoDB: 91
2023-12-23 14:50:26,848 - INFO - Updated latest chapter in MongoDB for 'I Obtained a Mythic Item': 83 -> 85
2023-12-23 14:50:26,848 - INFO - Updated latest chapter in MongoDB for 'Kill The Hero': 149 -> 150
2023-12-23 14:50:26,848 - INFO - No update needed for 'Overgeared' in MongoDB. Local: 209,MongoDB: 209
2023-12-23 14:50:26,848 - INFO - Updated latest chapter in MongoDB for 'Reincarnation of the Suicidal Battle God': 100 -> 101
2023-12-23 14:50:26,848 - INFO - Updated latest chapter in MongoDB for 'Return of the Legendary Spear Knight': 117 -> 118
2023-12-23 14:50:26,848 - INFO - No update needed for 'Return to Player' in MongoDB. Local: 150,MongoDB: 150
2023-12-23 14:50:26,848 - INFO - Updated latest chapter in MongoDB for 'Seoul Station Druid': 110 -> 116
2023-12-23 14:50:26,848 - INFO - Updated latest chapter in MongoDB for 'Seoul Station’s Necromancer': 112 -> 113
2023-12-23 14:50:26,848 - INFO - No update needed for 'Sleeping Ranker' in MongoDB. Local: 100,MongoDB: 100
2023-12-23 14:50:26,848 - INFO - Updated latest chapter in MongoDB for 'Solo Max-Level Newbie': 131 -> 132
2023-12-23 14:50:26,848 - INFO - No update needed for 'Spirit Farmer' in MongoDB. Local: 153,MongoDB: 153
2023-12-23 14:50:26,848 - INFO - No update needed for 'Swordmaster’s Youngest Son' in MongoDB. Local: 100,MongoDB: 100
2023-12-23 14:50:26,849 - INFO - Updated latest chapter in MongoDB for 'The Game That I Came From': 236 -> 237
2023-12-23 14:50:26,849 - INFO - No update needed for 'Necromancer Survival' in MongoDB. Local: 79,MongoDB: 79
2023-12-23 14:50:26,849 - INFO - Updated latest chapter in MongoDB for 'The Heavenly Demon Can’t Live a Normal Life': 99 -> 100
2023-12-23 14:50:26,849 - INFO - No update needed for 'The Player Hides His Past' in MongoDB. Local: 33,MongoDB: 33
2023-12-23 14:50:26,849 - INFO - Updated latest chapter in MongoDB for 'The Reincarnated Assassin is a Genius Swordsman': 30 -> 31
2023-12-23 14:50:26,849 - INFO - Updated latest chapter in MongoDB for 'The World After The Fall': 104 -> 106
2023-12-23 14:50:26,849 - INFO - No update needed for 'Villain to Kill' in MongoDB. Local: 126,MongoDB: 126
2023-12-23 14:50:26,849 - INFO - Updated latest chapter in MongoDB for 'Academy’s Genius Swordmaster': 26 -> 27
2023-12-23 14:50:26,849 - INFO - Updated latest chapter in MongoDB for 'Chronicles of the Demon Faction': 46 -> 47
2023-12-23 14:50:26,849 - INFO - Updated latest chapter in MongoDB for 'Cultivating the supreme dantian': 279 -> 280
2023-12-23 14:50:26,849 - INFO - Updated latest chapter in MongoDB for 'Evolution From a Tree': 146 -> 149
2023-12-23 14:50:26,849 - INFO - Updated latest chapter in MongoDB for 'F-Class Destiny Hunter': 52 -> 53
2023-12-23 14:50:26,849 - INFO - No update needed for 'Global Mayhem: awakening SSS-Class talent at the start!' in MongoDB. Local: 80,MongoDB: 80
2023-12-23 14:50:26,849 - INFO - No update needed for 'Golden Mage' in MongoDB. Local: 40,MongoDB: 40
2023-12-23 14:50:26,849 - INFO - Updated latest chapter in MongoDB for 'Grandson of the Holy Emperor is a Necromancer': 22 -> 23
2023-12-23 14:50:26,849 - INFO - Updated latest chapter in MongoDB for 'I Level Up By Absorbing Everything': 27 -> 28
2023-12-23 14:50:26,850 - INFO - Updated latest chapter in MongoDB for 'I Picked A Hammer To Save The World': 57 -> 58
2023-12-23 14:50:26,850 - INFO - No update needed for 'I’m Really Scared!' in MongoDB. Local: 39,MongoDB: 39
2023-12-23 14:50:26,850 - INFO - Updated latest chapter in MongoDB for 'Insanely-Talented Player': 20 -> 21
2023-12-23 14:50:26,850 - INFO - Updated latest chapter in MongoDB for 'Legendary Blacksmith’s Vengeance': 34 -> 35
2023-12-23 14:50:26,850 - INFO - Updated latest chapter in MongoDB for 'Logging 10,000 Years into the Future': 78 -> 80
2023-12-23 14:50:26,850 - INFO - Updated latest chapter in MongoDB for 'My Dragon System': 54 -> 55
2023-12-23 14:50:26,850 - INFO - Updated latest chapter in MongoDB for 'My Lucky Encounter From The Game Turned Into Reality': 32 -> 33
2023-12-23 14:50:26,850 - INFO - No update needed for 'Reborn Ranker – Gravity User (Manga)' in MongoDB. Local: 59,MongoDB: 59
2023-12-23 14:50:26,850 - INFO - No update needed for 'Records of the Demonic Path’s Return' in MongoDB. Local: 27,MongoDB: 27
2023-12-23 14:50:26,850 - INFO - No update needed for 'Returned as a Martial Genius' in MongoDB. Local: 28,MongoDB: 28
2023-12-23 14:50:26,850 - INFO - Updated latest chapter in MongoDB for 'Steel-Eating Player': 19 -> 20
2023-12-23 14:50:26,850 - INFO - No update needed for 'Sword Demon Island' in MongoDB. Local: 62,MongoDB: 62
2023-12-23 14:50:26,850 - INFO - Updated latest chapter in MongoDB for 'Tempest Tyrant': 31 -> 32
2023-12-23 14:50:26,850 - INFO - Updated latest chapter in MongoDB for 'The Constellations Are My Disciples': 47 -> 48
2023-12-23 14:50:26,850 - INFO - Updated latest chapter in MongoDB for 'The Return Of Apocalypses Tyrant': 25 -> 27
2023-12-23 14:50:26,850 - INFO - Updated latest chapter in MongoDB for 'The Son Of The First Emperor Kills Enemies And Becomes A God': 79 -> 83
2023-12-23 14:50:26,851 - INFO - Updated latest chapter in MongoDB for 'Apotheosis': 1146 -> 1148
2023-12-23 14:50:26,851 - INFO - Updated latest chapter in MongoDB for 'Magic Emperor': 483 -> 486
2023-12-23 14:50:26,851 - INFO - Updated latest chapter in MongoDB for 'Martial Peak': 3639 -> 3646
2023-12-23 14:50:26,851 - INFO - Updated latest chapter in MongoDB for 'Tales Of Demons And Gods': 457.1 -> 458.1
2023-12-23 14:50:26,851 - INFO - Updated latest chapter in MongoDB for 'Yuan Zun': 557.5 -> 559.5
2023-12-23 14:50:26,851 - INFO - Updated latest chapter in MongoDB for 'The Player that can’t Level Up': 128 -> 129
2023-12-23 14:50:26,851 - INFO - Updated latest chapter in MongoDB for 'The Max-Level Player’s 100th Regression': 31 -> 32
2023-12-23 14:50:26,852 - INFO - No matching document found in MongoDB for 'The Iron-Blooded Necromancer Has Returned', New document inserted.
2023-12-23 14:50:26,852 - INFO - No matching document found in MongoDB for 'I Became The Youngest Prince in The Novel', New document inserted.
2023-12-23 14:50:26,852 - INFO - No matching document found in MongoDB for 'Dawn of the Predecessor', New document inserted.
