2023-12-16 17:27:11,524 - ERROR - IndexError occurred for manga: I Obtained a Mythic Item. Error: list index out of range
2023-12-16 17:27:14,540 - INFO - Updated latest chapter in MongoDB for 'Invincible at the Start': 106 -> 109
2023-12-16 17:27:14,540 - INFO - Updated latest chapter in MongoDB for 'Reaper of the Drifting Moon': 63 -> 66
2023-12-16 17:27:14,540 - INFO - Updated latest chapter in MongoDB for 'Weapon Maker': 18 -> 21
2023-12-16 17:27:14,540 - INFO - Updated latest chapter in MongoDB for 'Nano Machine': 181 -> 184
2023-12-16 17:27:14,540 - INFO - Updated latest chapter in MongoDB for 'Keep A Low Profile, Sect Leader': 295 -> 298
2023-12-16 17:27:14,540 - INFO - Updated latest chapter in MongoDB for 'Return of the Flowery Mountain Sect': 99 -> 102
2023-12-16 17:27:14,541 - INFO - Updated latest chapter in MongoDB for 'Omniscient Reader’s Viewpoint': 185 -> 188
2023-12-16 17:27:14,541 - INFO - Updated latest chapter in MongoDB for 'Foreigner on the Periphery (Remake)': 22 -> 25
2023-12-16 17:27:14,541 - INFO - Updated latest chapter in MongoDB for 'The Max Level Hero has Returned!': 144 -> 147
2023-12-16 17:27:14,541 - INFO - Updated latest chapter in MongoDB for 'To Hell With Being A Saint I’m A Doctor': 73 -> 76
2023-12-16 17:27:14,541 - INFO - Updated latest chapter in MongoDB for 'Leveling With The Gods': 96 -> 99
2023-12-16 17:27:14,541 - INFO - Updated latest chapter in MongoDB for 'The Dark Mage’s Return to Enlistment': 41 -> 44
2023-12-16 17:27:14,541 - INFO - Updated latest chapter in MongoDB for 'The S-Classes That I Raised': 112 -> 115
2023-12-16 17:27:14,541 - INFO - Updated latest chapter in MongoDB for 'Silver Demon King': 110 -> 113
2023-12-16 17:27:14,541 - INFO - Updated latest chapter in MongoDB for 'I Became A Part Time Employee For Gods': 42 -> 45
2023-12-16 17:27:14,541 - INFO - Updated latest chapter in MongoDB for 'The Count’s Youngest Son is A Player': 25 -> 28
2023-12-16 17:27:14,541 - INFO - Updated latest chapter in MongoDB for 'The Novel’s Extra (Remake)': 84 -> 87
2023-12-16 17:27:14,542 - INFO - Updated latest chapter in MongoDB for 'Martial God Regressed to Level 2': 36 -> 39
2023-12-16 17:27:14,542 - INFO - Updated latest chapter in MongoDB for 'Astral Pet Store': 126 -> 129
2023-12-16 17:27:14,542 - INFO - Updated latest chapter in MongoDB for 'Disastrous Necromancer': 40 -> 43
2023-12-16 17:27:14,542 - INFO - Updated latest chapter in MongoDB for 'Gods’ Gambit': 18 -> 21
2023-12-16 17:27:14,542 - INFO - Updated latest chapter in MongoDB for 'I Became a Renowned Family’s Sword Prodigy': 88 -> 91
2023-12-16 17:27:14,542 - INFO - Updated latest chapter in MongoDB for 'Kill The Hero': 146 -> 149
2023-12-16 17:27:14,542 - INFO - Updated latest chapter in MongoDB for 'Overgeared': 206 -> 209
2023-12-16 17:27:14,542 - INFO - Updated latest chapter in MongoDB for 'Reincarnation of the Suicidal Battle God': 97 -> 100
2023-12-16 17:27:14,542 - INFO - Updated latest chapter in MongoDB for 'Return of the Legendary Spear Knight': 114 -> 117
2023-12-16 17:27:14,542 - INFO - Updated latest chapter in MongoDB for 'Return to Player': 147 -> 150
2023-12-16 17:27:14,542 - INFO - Updated latest chapter in MongoDB for 'Seoul Station Druid': 107 -> 110
2023-12-16 17:27:14,543 - INFO - Updated latest chapter in MongoDB for 'Seoul Station’s Necromancer': 109 -> 112
2023-12-16 17:27:14,543 - INFO - Updated latest chapter in MongoDB for 'Sleeping Ranker': 97 -> 100
2023-12-16 17:27:14,543 - INFO - Updated latest chapter in MongoDB for 'Solo Max-Level Newbie': 128 -> 131
2023-12-16 17:27:14,543 - INFO - Updated latest chapter in MongoDB for 'Spirit Farmer': 150 -> 153
2023-12-16 17:27:14,543 - INFO - Updated latest chapter in MongoDB for 'Swordmaster’s Youngest Son': 97 -> 100
2023-12-16 17:27:14,543 - INFO - Updated latest chapter in MongoDB for 'The Game That I Came From': 233 -> 236
2023-12-16 17:27:14,543 - INFO - Updated latest chapter in MongoDB for 'Necromancer Survival': 76 -> 79
2023-12-16 17:27:14,543 - INFO - Updated latest chapter in MongoDB for 'The Heavenly Demon Can’t Live a Normal Life': 96 -> 99
2023-12-16 17:27:14,543 - INFO - Updated latest chapter in MongoDB for 'The Player Hides His Past': 30 -> 33
2023-12-16 17:27:14,543 - INFO - Updated latest chapter in MongoDB for 'The Reincarnated Assassin is a Genius Swordsman': 27 -> 30
2023-12-16 17:27:14,544 - INFO - Updated latest chapter in MongoDB for 'The World After The Fall': 101 -> 104
2023-12-16 17:27:14,544 - INFO - Updated latest chapter in MongoDB for 'Villain to Kill': 123 -> 126
2023-12-16 17:27:14,544 - INFO - Updated latest chapter in MongoDB for 'Academy’s Genius Swordmaster': 23 -> 26
2023-12-16 17:27:14,544 - INFO - Updated latest chapter in MongoDB for 'Chronicles of the Demon Faction': 43 -> 46
2023-12-16 17:27:14,544 - INFO - Updated latest chapter in MongoDB for 'Cultivating the supreme dantian': 275 -> 279
2023-12-16 17:27:14,544 - INFO - Updated latest chapter in MongoDB for 'Evolution From a Tree': 143 -> 146
2023-12-16 17:27:14,544 - INFO - Updated latest chapter in MongoDB for 'F-Class Destiny Hunter': 49 -> 52
2023-12-16 17:27:14,544 - INFO - Updated latest chapter in MongoDB for 'Global Mayhem: awakening SSS-Class talent at the start!': 77 -> 80
2023-12-16 17:27:14,545 - INFO - Updated latest chapter in MongoDB for 'Golden Mage': 37 -> 40
2023-12-16 17:27:14,545 - INFO - Updated latest chapter in MongoDB for 'Grandson of the Holy Emperor is a Necromancer': 19 -> 22
2023-12-16 17:27:14,545 - INFO - Updated latest chapter in MongoDB for 'I Level Up By Absorbing Everything': 24 -> 27
2023-12-16 17:27:14,545 - INFO - Updated latest chapter in MongoDB for 'I Picked A Hammer To Save The World': 54 -> 57
2023-12-16 17:27:14,545 - INFO - Updated latest chapter in MongoDB for 'I’m Really Scared!': 36 -> 39
2023-12-16 17:27:14,545 - INFO - Updated latest chapter in MongoDB for 'Insanely-Talented Player': 17 -> 20
2023-12-16 17:27:14,545 - INFO - Updated latest chapter in MongoDB for 'Legendary Blacksmith’s Vengeance': 31 -> 34
2023-12-16 17:27:14,545 - INFO - Updated latest chapter in MongoDB for 'Logging 10,000 Years into the Future': 75 -> 78
2023-12-16 17:27:14,546 - INFO - Updated latest chapter in MongoDB for 'My Dragon System': 51 -> 54
2023-12-16 17:27:14,546 - INFO - Updated latest chapter in MongoDB for 'My Lucky Encounter From The Game Turned Into Reality': 29 -> 32
2023-12-16 17:27:14,546 - INFO - Updated latest chapter in MongoDB for 'Reborn Ranker – Gravity User (Manga)': 56 -> 59
2023-12-16 17:27:14,546 - INFO - Updated latest chapter in MongoDB for 'Records of the Demonic Path’s Return': 24 -> 27
2023-12-16 17:27:14,546 - INFO - Updated latest chapter in MongoDB for 'Returned as a Martial Genius': 25 -> 28
2023-12-16 17:27:14,546 - INFO - Updated latest chapter in MongoDB for 'Steel-Eating Player': 16 -> 19
2023-12-16 17:27:14,546 - INFO - Updated latest chapter in MongoDB for 'Sword Demon Island': 59 -> 62
2023-12-16 17:27:14,546 - INFO - Updated latest chapter in MongoDB for 'Tempest Tyrant': 28 -> 31
2023-12-16 17:27:14,546 - INFO - Updated latest chapter in MongoDB for 'The Constellations Are My Disciples': 44 -> 47
2023-12-16 17:27:14,546 - INFO - Updated latest chapter in MongoDB for 'The Return Of Apocalypses Tyrant': 22 -> 25
2023-12-16 17:27:14,546 - INFO - Updated latest chapter in MongoDB for 'The Son Of The First Emperor Kills Enemies And Becomes A God': 76 -> 79
2023-12-16 17:27:14,546 - INFO - Updated latest chapter in MongoDB for 'Apotheosis': 1143 -> 1146
2023-12-16 17:27:14,546 - INFO - Updated latest chapter in MongoDB for 'Magic Emperor': 480 -> 483
2023-12-16 17:27:14,547 - INFO - Updated latest chapter in MongoDB for 'Martial Peak': 3636 -> 3639
2023-12-16 17:27:14,547 - INFO - Updated latest chapter in MongoDB for 'Tales Of Demons And Gods': 454.1 -> 457.1
2023-12-16 17:27:14,547 - INFO - Updated latest chapter in MongoDB for 'Yuan Zun': 554.5 -> 557.5
2023-12-16 17:27:14,547 - INFO - Updated latest chapter in MongoDB for 'The Player that can’t Level Up': 125 -> 128
2023-12-16 17:27:14,547 - INFO - Updated latest chapter in MongoDB for 'The Max-Level Player’s 100th Regression': 28 -> 31
