2023-12-25 16:17:19,985 - INFO - No matching document found in MongoDB for 'Invincible at the Start', New document inserted.
2023-12-25 16:17:19,986 - INFO - No matching document found in MongoDB for 'Reaper of the Drifting Moon', New document inserted.
2023-12-25 16:17:19,986 - INFO - No matching document found in MongoDB for 'Weapon Maker', New document inserted.
2023-12-25 16:17:19,986 - INFO - No matching document found in MongoDB for 'Nano Machine', New document inserted.
2023-12-25 16:17:19,986 - INFO - No matching document found in MongoDB for 'Keep A Low Profile, Sect Leader', New document inserted.
2023-12-25 16:17:19,986 - INFO - No matching document found in MongoDB for 'Return of the Flowery Mountain Sect', New document inserted.
2023-12-25 16:17:19,987 - INFO - No matching document found in MongoDB for 'Omniscient Reader’s Viewpoint', New document inserted.
2023-12-25 16:17:19,987 - INFO - No matching document found in MongoDB for 'Foreigner on the Periphery (Remake)', New document inserted.
2023-12-25 16:17:19,987 - INFO - No matching document found in MongoDB for 'The Max Level Hero has Returned!', New document inserted.
2023-12-25 16:17:19,987 - INFO - No matching document found in MongoDB for 'To Hell With Being A Saint I’m A Doctor', New document inserted.
2023-12-25 16:17:19,987 - INFO - No matching document found in MongoDB for 'Leveling With The Gods', New document inserted.
2023-12-25 16:17:19,987 - INFO - No matching document found in MongoDB for 'The S-Classes That I Raised', New document inserted.
2023-12-25 16:17:19,987 - INFO - No matching document found in MongoDB for 'Silver Demon King', New document inserted.
2023-12-25 16:17:19,987 - INFO - No matching document found in MongoDB for 'I Became A Part Time Employee For Gods', New document inserted.
2023-12-25 16:17:19,987 - INFO - No matching document found in MongoDB for 'The Count’s Youngest Son is A Player', New document inserted.
2023-12-25 16:17:19,987 - INFO - No matching document found in MongoDB for 'The Novel’s Extra (Remake)', New document inserted.
2023-12-25 16:17:19,988 - INFO - No matching document found in MongoDB for 'Martial God Regressed to Level 2', New document inserted.
2023-12-25 16:17:19,988 - INFO - No matching document found in MongoDB for 'Astral Pet Store', New document inserted.
2023-12-25 16:17:19,988 - INFO - No matching document found in MongoDB for 'Disastrous Necromancer', New document inserted.
2023-12-25 16:17:19,988 - INFO - No matching document found in MongoDB for 'Gods’ Gambit', New document inserted.
2023-12-25 16:17:19,988 - INFO - No matching document found in MongoDB for 'I Became a Renowned Family’s Sword Prodigy', New document inserted.
2023-12-25 16:17:19,988 - INFO - No matching document found in MongoDB for 'I Obtained a Mythic Item', New document inserted.
2023-12-25 16:17:19,988 - INFO - No matching document found in MongoDB for 'Kill The Hero', New document inserted.
2023-12-25 16:17:19,988 - INFO - No matching document found in MongoDB for 'Overgeared', New document inserted.
2023-12-25 16:17:19,988 - INFO - No matching document found in MongoDB for 'Reincarnation of the Suicidal Battle God', New document inserted.
2023-12-25 16:17:19,988 - INFO - No matching document found in MongoDB for 'Return of the Legendary Spear Knight', New document inserted.
2023-12-25 16:17:19,989 - INFO - No matching document found in MongoDB for 'Return to Player', New document inserted.
2023-12-25 16:17:19,989 - INFO - No matching document found in MongoDB for 'Seoul Station Druid', New document inserted.
2023-12-25 16:17:19,989 - INFO - No matching document found in MongoDB for 'Seoul Station’s Necromancer', New document inserted.
2023-12-25 16:17:19,989 - INFO - No matching document found in MongoDB for 'Sleeping Ranker', New document inserted.
2023-12-25 16:17:19,989 - INFO - No matching document found in MongoDB for 'Solo Max-Level Newbie', New document inserted.
2023-12-25 16:17:19,989 - INFO - No matching document found in MongoDB for 'Spirit Farmer', New document inserted.
2023-12-25 16:17:19,989 - INFO - No matching document found in MongoDB for 'Swordmaster’s Youngest Son', New document inserted.
2023-12-25 16:17:19,989 - INFO - No matching document found in MongoDB for 'The Game That I Came From', New document inserted.
2023-12-25 16:17:19,989 - INFO - No matching document found in MongoDB for 'Necromancer Survival', New document inserted.
2023-12-25 16:17:19,990 - INFO - No matching document found in MongoDB for 'The Heavenly Demon Can’t Live a Normal Life', New document inserted.
2023-12-25 16:17:19,990 - INFO - No matching document found in MongoDB for 'The Player Hides His Past', New document inserted.
2023-12-25 16:17:19,990 - INFO - No matching document found in MongoDB for 'The Reincarnated Assassin is a Genius Swordsman', New document inserted.
2023-12-25 16:17:19,990 - INFO - No matching document found in MongoDB for 'The World After The Fall', New document inserted.
2023-12-25 16:17:19,990 - INFO - No matching document found in MongoDB for 'Villain to Kill', New document inserted.
2023-12-25 16:17:19,990 - INFO - No matching document found in MongoDB for 'Academy’s Genius Swordmaster', New document inserted.
2023-12-25 16:17:19,990 - INFO - No matching document found in MongoDB for 'Chronicles of the Demon Faction', New document inserted.
2023-12-25 16:17:19,990 - INFO - No matching document found in MongoDB for 'Cultivating the supreme dantian', New document inserted.
2023-12-25 16:17:19,990 - INFO - No matching document found in MongoDB for 'Evolution From a Tree', New document inserted.
2023-12-25 16:17:19,990 - INFO - No matching document found in MongoDB for 'F-Class Destiny Hunter', New document inserted.
2023-12-25 16:17:19,991 - INFO - No matching document found in MongoDB for 'Global Mayhem: awakening SSS-Class talent at the start!', New document inserted.
2023-12-25 16:17:19,991 - INFO - No matching document found in MongoDB for 'Golden Mage', New document inserted.
2023-12-25 16:17:19,991 - INFO - No matching document found in MongoDB for 'Grandson of the Holy Emperor is a Necromancer', New document inserted.
2023-12-25 16:17:19,991 - INFO - No matching document found in MongoDB for 'I Level Up By Absorbing Everything', New document inserted.
2023-12-25 16:17:19,991 - INFO - No matching document found in MongoDB for 'I Picked A Hammer To Save The World', New document inserted.
2023-12-25 16:17:19,991 - INFO - No matching document found in MongoDB for 'I’m Really Scared!', New document inserted.
2023-12-25 16:17:19,991 - INFO - No matching document found in MongoDB for 'Insanely-Talented Player', New document inserted.
2023-12-25 16:17:19,992 - INFO - No matching document found in MongoDB for 'Legendary Blacksmith’s Vengeance', New document inserted.
2023-12-25 16:17:19,992 - INFO - No matching document found in MongoDB for 'Logging 10,000 Years into the Future', New document inserted.
2023-12-25 16:17:19,992 - INFO - No matching document found in MongoDB for 'My Dragon System', New document inserted.
2023-12-25 16:17:19,992 - INFO - No matching document found in MongoDB for 'My Lucky Encounter From The Game Turned Into Reality', New document inserted.
2023-12-25 16:17:19,992 - INFO - No matching document found in MongoDB for 'Reborn Ranker – Gravity User (Manga)', New document inserted.
2023-12-25 16:17:19,992 - INFO - No matching document found in MongoDB for 'Records of the Demonic Path’s Return', New document inserted.
2023-12-25 16:17:19,992 - INFO - No matching document found in MongoDB for 'Returned as a Martial Genius', New document inserted.
2023-12-25 16:17:19,992 - INFO - No matching document found in MongoDB for 'Steel-Eating Player', New document inserted.
2023-12-25 16:17:19,992 - INFO - No matching document found in MongoDB for 'Sword Demon Island', New document inserted.
2023-12-25 16:17:19,992 - INFO - No matching document found in MongoDB for 'Tempest Tyrant', New document inserted.
2023-12-25 16:17:19,993 - INFO - No matching document found in MongoDB for 'The Constellations Are My Disciples', New document inserted.
2023-12-25 16:17:19,993 - INFO - No matching document found in MongoDB for 'The Return Of Apocalypses Tyrant', New document inserted.
2023-12-25 16:17:19,993 - INFO - No matching document found in MongoDB for 'The Son Of The First Emperor Kills Enemies And Becomes A God', New document inserted.
2023-12-25 16:17:19,993 - INFO - No matching document found in MongoDB for 'Apotheosis', New document inserted.
2023-12-25 16:17:19,993 - INFO - No matching document found in MongoDB for 'Magic Emperor', New document inserted.
2023-12-25 16:17:19,993 - INFO - No matching document found in MongoDB for 'Martial Peak', New document inserted.
2023-12-25 16:17:19,993 - INFO - No matching document found in MongoDB for 'Tales Of Demons And Gods', New document inserted.
2023-12-25 16:17:19,993 - INFO - No matching document found in MongoDB for 'Yuan Zun', New document inserted.
2023-12-25 16:17:19,993 - INFO - No matching document found in MongoDB for 'The Player that can’t Level Up', New document inserted.
2023-12-25 16:17:19,994 - INFO - No matching document found in MongoDB for 'The Max-Level Player’s 100th Regression', New document inserted.
2023-12-25 16:17:19,994 - INFO - No matching document found in MongoDB for 'The Dark Mage’s Return to Enlistment', New document inserted.
2023-12-25 16:17:19,994 - INFO - No matching document found in MongoDB for 'The Iron-Blooded Necromancer Has Returned', New document inserted.
2023-12-25 16:17:19,994 - INFO - No matching document found in MongoDB for 'I Became The Youngest Prince in The Novel', New document inserted.
